{"numFailedTestSuites":2,"numFailedTests":24,"numPassedTestSuites":0,"numPassedTests":21,"numPendingTestSuites":0,"numPendingTests":0,"numRuntimeErrorTestSuites":0,"numTodoTests":0,"numTotalTestSuites":2,"numTotalTests":45,"openHandles":[],"snapshot":{"added":0,"didUpdate":false,"failure":false,"filesAdded":0,"filesRemoved":0,"filesRemovedList":[],"filesUnmatched":0,"filesUpdated":0,"matched":0,"total":0,"unchecked":0,"uncheckedKeysByFile":[],"unmatched":0,"updated":0},"startTime":1760107933531,"success":false,"testResults":[{"assertionResults":[{"ancestorTitles":["GPA Calculator"],"duration":10,"failureDetails":[{}],"failureMessages":["ReferenceError: GPACalculator is not defined\n    at Object.calculator (C:\\All_In_One_College_Website\\__tests__\\components\\complete-suite.test.js:12:9)\n    at Promise.then.completed (C:\\All_In_One_College_Website\\node_modules\\jest-circus\\build\\utils.js:298:28)\n    at new Promise (<anonymous>)\n    at callAsyncCircusFn (C:\\All_In_One_College_Website\\node_modules\\jest-circus\\build\\utils.js:231:10)\n    at _callCircusHook (C:\\All_In_One_College_Website\\node_modules\\jest-circus\\build\\run.js:281:40)\n    at processTicksAndRejections (node:internal/process/task_queues:105:5)\n    at _runTest (C:\\All_In_One_College_Website\\node_modules\\jest-circus\\build\\run.js:246:5)\n    at _runTestsForDescribeBlock (C:\\All_In_One_College_Website\\node_modules\\jest-circus\\build\\run.js:126:9)\n    at _runTestsForDescribeBlock (C:\\All_In_One_College_Website\\node_modules\\jest-circus\\build\\run.js:121:9)\n    at run (C:\\All_In_One_College_Website\\node_modules\\jest-circus\\build\\run.js:71:3)\n    at runAndTransformResultsToJestFormat (C:\\All_In_One_College_Website\\node_modules\\jest-circus\\build\\legacy-code-todo-rewrite\\jestAdapterInit.js:122:21)\n    at jestAdapter (C:\\All_In_One_College_Website\\node_modules\\jest-circus\\build\\legacy-code-todo-rewrite\\jestAdapter.js:79:19)\n    at runTestInternal (C:\\All_In_One_College_Website\\node_modules\\jest-runner\\build\\runTest.js:367:16)\n    at runTest (C:\\All_In_One_College_Website\\node_modules\\jest-runner\\build\\runTest.js:444:34)\n    at Object.worker (C:\\All_In_One_College_Website\\node_modules\\jest-runner\\build\\testWorker.js:106:12)"],"fullName":"GPA Calculator should initialize with empty semesters","invocations":1,"location":null,"numPassingAsserts":0,"retryReasons":[],"status":"failed","title":"should initialize with empty semesters"},{"ancestorTitles":["GPA Calculator"],"duration":2,"failureDetails":[{}],"failureMessages":["ReferenceError: GPACalculator is not defined\n    at Object.calculator (C:\\All_In_One_College_Website\\__tests__\\components\\complete-suite.test.js:12:9)\n    at Promise.then.completed (C:\\All_In_One_College_Website\\node_modules\\jest-circus\\build\\utils.js:298:28)\n    at new Promise (<anonymous>)\n    at callAsyncCircusFn (C:\\All_In_One_College_Website\\node_modules\\jest-circus\\build\\utils.js:231:10)\n    at _callCircusHook (C:\\All_In_One_College_Website\\node_modules\\jest-circus\\build\\run.js:281:40)\n    at processTicksAndRejections (node:internal/process/task_queues:105:5)\n    at _runTest (C:\\All_In_One_College_Website\\node_modules\\jest-circus\\build\\run.js:246:5)\n    at _runTestsForDescribeBlock (C:\\All_In_One_College_Website\\node_modules\\jest-circus\\build\\run.js:126:9)\n    at _runTestsForDescribeBlock (C:\\All_In_One_College_Website\\node_modules\\jest-circus\\build\\run.js:121:9)\n    at run (C:\\All_In_One_College_Website\\node_modules\\jest-circus\\build\\run.js:71:3)\n    at runAndTransformResultsToJestFormat (C:\\All_In_One_College_Website\\node_modules\\jest-circus\\build\\legacy-code-todo-rewrite\\jestAdapterInit.js:122:21)\n    at jestAdapter (C:\\All_In_One_College_Website\\node_modules\\jest-circus\\build\\legacy-code-todo-rewrite\\jestAdapter.js:79:19)\n    at runTestInternal (C:\\All_In_One_College_Website\\node_modules\\jest-runner\\build\\runTest.js:367:16)\n    at runTest (C:\\All_In_One_College_Website\\node_modules\\jest-runner\\build\\runTest.js:444:34)\n    at Object.worker (C:\\All_In_One_College_Website\\node_modules\\jest-runner\\build\\testWorker.js:106:12)"],"fullName":"GPA Calculator should add semester correctly","invocations":1,"location":null,"numPassingAsserts":0,"retryReasons":[],"status":"failed","title":"should add semester correctly"},{"ancestorTitles":["GPA Calculator"],"duration":1,"failureDetails":[{}],"failureMessages":["ReferenceError: GPACalculator is not defined\n    at Object.calculator (C:\\All_In_One_College_Website\\__tests__\\components\\complete-suite.test.js:12:9)\n    at Promise.then.completed (C:\\All_In_One_College_Website\\node_modules\\jest-circus\\build\\utils.js:298:28)\n    at new Promise (<anonymous>)\n    at callAsyncCircusFn (C:\\All_In_One_College_Website\\node_modules\\jest-circus\\build\\utils.js:231:10)\n    at _callCircusHook (C:\\All_In_One_College_Website\\node_modules\\jest-circus\\build\\run.js:281:40)\n    at processTicksAndRejections (node:internal/process/task_queues:105:5)\n    at _runTest (C:\\All_In_One_College_Website\\node_modules\\jest-circus\\build\\run.js:246:5)\n    at _runTestsForDescribeBlock (C:\\All_In_One_College_Website\\node_modules\\jest-circus\\build\\run.js:126:9)\n    at _runTestsForDescribeBlock (C:\\All_In_One_College_Website\\node_modules\\jest-circus\\build\\run.js:121:9)\n    at run (C:\\All_In_One_College_Website\\node_modules\\jest-circus\\build\\run.js:71:3)\n    at runAndTransformResultsToJestFormat (C:\\All_In_One_College_Website\\node_modules\\jest-circus\\build\\legacy-code-todo-rewrite\\jestAdapterInit.js:122:21)\n    at jestAdapter (C:\\All_In_One_College_Website\\node_modules\\jest-circus\\build\\legacy-code-todo-rewrite\\jestAdapter.js:79:19)\n    at runTestInternal (C:\\All_In_One_College_Website\\node_modules\\jest-runner\\build\\runTest.js:367:16)\n    at runTest (C:\\All_In_One_College_Website\\node_modules\\jest-runner\\build\\runTest.js:444:34)\n    at Object.worker (C:\\All_In_One_College_Website\\node_modules\\jest-runner\\build\\testWorker.js:106:12)"],"fullName":"GPA Calculator should calculate CGPA correctly","invocations":1,"location":null,"numPassingAsserts":0,"retryReasons":[],"status":"failed","title":"should calculate CGPA correctly"},{"ancestorTitles":["GPA Calculator"],"duration":1,"failureDetails":[{}],"failureMessages":["ReferenceError: GPACalculator is not defined\n    at Object.calculator (C:\\All_In_One_College_Website\\__tests__\\components\\complete-suite.test.js:12:9)\n    at Promise.then.completed (C:\\All_In_One_College_Website\\node_modules\\jest-circus\\build\\utils.js:298:28)\n    at new Promise (<anonymous>)\n    at callAsyncCircusFn (C:\\All_In_One_College_Website\\node_modules\\jest-circus\\build\\utils.js:231:10)\n    at _callCircusHook (C:\\All_In_One_College_Website\\node_modules\\jest-circus\\build\\run.js:281:40)\n    at processTicksAndRejections (node:internal/process/task_queues:105:5)\n    at _runTest (C:\\All_In_One_College_Website\\node_modules\\jest-circus\\build\\run.js:246:5)\n    at _runTestsForDescribeBlock (C:\\All_In_One_College_Website\\node_modules\\jest-circus\\build\\run.js:126:9)\n    at _runTestsForDescribeBlock (C:\\All_In_One_College_Website\\node_modules\\jest-circus\\build\\run.js:121:9)\n    at run (C:\\All_In_One_College_Website\\node_modules\\jest-circus\\build\\run.js:71:3)\n    at runAndTransformResultsToJestFormat (C:\\All_In_One_College_Website\\node_modules\\jest-circus\\build\\legacy-code-todo-rewrite\\jestAdapterInit.js:122:21)\n    at jestAdapter (C:\\All_In_One_College_Website\\node_modules\\jest-circus\\build\\legacy-code-todo-rewrite\\jestAdapter.js:79:19)\n    at runTestInternal (C:\\All_In_One_College_Website\\node_modules\\jest-runner\\build\\runTest.js:367:16)\n    at runTest (C:\\All_In_One_College_Website\\node_modules\\jest-runner\\build\\runTest.js:444:34)\n    at Object.worker (C:\\All_In_One_College_Website\\node_modules\\jest-runner\\build\\testWorker.js:106:12)"],"fullName":"GPA Calculator should save to localStorage","invocations":1,"location":null,"numPassingAsserts":0,"retryReasons":[],"status":"failed","title":"should save to localStorage"},{"ancestorTitles":["Assignment Calendar"],"duration":1,"failureDetails":[{}],"failureMessages":["ReferenceError: AssignmentCalendar is not defined\n    at Object.calendar (C:\\All_In_One_College_Website\\__tests__\\components\\complete-suite.test.js:56:9)\n    at Promise.then.completed (C:\\All_In_One_College_Website\\node_modules\\jest-circus\\build\\utils.js:298:28)\n    at new Promise (<anonymous>)\n    at callAsyncCircusFn (C:\\All_In_One_College_Website\\node_modules\\jest-circus\\build\\utils.js:231:10)\n    at _callCircusHook (C:\\All_In_One_College_Website\\node_modules\\jest-circus\\build\\run.js:281:40)\n    at processTicksAndRejections (node:internal/process/task_queues:105:5)\n    at _runTest (C:\\All_In_One_College_Website\\node_modules\\jest-circus\\build\\run.js:246:5)\n    at _runTestsForDescribeBlock (C:\\All_In_One_College_Website\\node_modules\\jest-circus\\build\\run.js:126:9)\n    at _runTestsForDescribeBlock (C:\\All_In_One_College_Website\\node_modules\\jest-circus\\build\\run.js:121:9)\n    at run (C:\\All_In_One_College_Website\\node_modules\\jest-circus\\build\\run.js:71:3)\n    at runAndTransformResultsToJestFormat (C:\\All_In_One_College_Website\\node_modules\\jest-circus\\build\\legacy-code-todo-rewrite\\jestAdapterInit.js:122:21)\n    at jestAdapter (C:\\All_In_One_College_Website\\node_modules\\jest-circus\\build\\legacy-code-todo-rewrite\\jestAdapter.js:79:19)\n    at runTestInternal (C:\\All_In_One_College_Website\\node_modules\\jest-runner\\build\\runTest.js:367:16)\n    at runTest (C:\\All_In_One_College_Website\\node_modules\\jest-runner\\build\\runTest.js:444:34)\n    at Object.worker (C:\\All_In_One_College_Website\\node_modules\\jest-runner\\build\\testWorker.js:106:12)"],"fullName":"Assignment Calendar should initialize with empty assignments","invocations":1,"location":null,"numPassingAsserts":0,"retryReasons":[],"status":"failed","title":"should initialize with empty assignments"},{"ancestorTitles":["Assignment Calendar"],"duration":0,"failureDetails":[{}],"failureMessages":["ReferenceError: AssignmentCalendar is not defined\n    at Object.calendar (C:\\All_In_One_College_Website\\__tests__\\components\\complete-suite.test.js:56:9)\n    at Promise.then.completed (C:\\All_In_One_College_Website\\node_modules\\jest-circus\\build\\utils.js:298:28)\n    at new Promise (<anonymous>)\n    at callAsyncCircusFn (C:\\All_In_One_College_Website\\node_modules\\jest-circus\\build\\utils.js:231:10)\n    at _callCircusHook (C:\\All_In_One_College_Website\\node_modules\\jest-circus\\build\\run.js:281:40)\n    at processTicksAndRejections (node:internal/process/task_queues:105:5)\n    at _runTest (C:\\All_In_One_College_Website\\node_modules\\jest-circus\\build\\run.js:246:5)\n    at _runTestsForDescribeBlock (C:\\All_In_One_College_Website\\node_modules\\jest-circus\\build\\run.js:126:9)\n    at _runTestsForDescribeBlock (C:\\All_In_One_College_Website\\node_modules\\jest-circus\\build\\run.js:121:9)\n    at run (C:\\All_In_One_College_Website\\node_modules\\jest-circus\\build\\run.js:71:3)\n    at runAndTransformResultsToJestFormat (C:\\All_In_One_College_Website\\node_modules\\jest-circus\\build\\legacy-code-todo-rewrite\\jestAdapterInit.js:122:21)\n    at jestAdapter (C:\\All_In_One_College_Website\\node_modules\\jest-circus\\build\\legacy-code-todo-rewrite\\jestAdapter.js:79:19)\n    at runTestInternal (C:\\All_In_One_College_Website\\node_modules\\jest-runner\\build\\runTest.js:367:16)\n    at runTest (C:\\All_In_One_College_Website\\node_modules\\jest-runner\\build\\runTest.js:444:34)\n    at Object.worker (C:\\All_In_One_College_Website\\node_modules\\jest-runner\\build\\testWorker.js:106:12)"],"fullName":"Assignment Calendar should add assignment correctly","invocations":1,"location":null,"numPassingAsserts":0,"retryReasons":[],"status":"failed","title":"should add assignment correctly"},{"ancestorTitles":["Assignment Calendar"],"duration":0,"failureDetails":[{}],"failureMessages":["ReferenceError: AssignmentCalendar is not defined\n    at Object.calendar (C:\\All_In_One_College_Website\\__tests__\\components\\complete-suite.test.js:56:9)\n    at Promise.then.completed (C:\\All_In_One_College_Website\\node_modules\\jest-circus\\build\\utils.js:298:28)\n    at new Promise (<anonymous>)\n    at callAsyncCircusFn (C:\\All_In_One_College_Website\\node_modules\\jest-circus\\build\\utils.js:231:10)\n    at _callCircusHook (C:\\All_In_One_College_Website\\node_modules\\jest-circus\\build\\run.js:281:40)\n    at processTicksAndRejections (node:internal/process/task_queues:105:5)\n    at _runTest (C:\\All_In_One_College_Website\\node_modules\\jest-circus\\build\\run.js:246:5)\n    at _runTestsForDescribeBlock (C:\\All_In_One_College_Website\\node_modules\\jest-circus\\build\\run.js:126:9)\n    at _runTestsForDescribeBlock (C:\\All_In_One_College_Website\\node_modules\\jest-circus\\build\\run.js:121:9)\n    at run (C:\\All_In_One_College_Website\\node_modules\\jest-circus\\build\\run.js:71:3)\n    at runAndTransformResultsToJestFormat (C:\\All_In_One_College_Website\\node_modules\\jest-circus\\build\\legacy-code-todo-rewrite\\jestAdapterInit.js:122:21)\n    at jestAdapter (C:\\All_In_One_College_Website\\node_modules\\jest-circus\\build\\legacy-code-todo-rewrite\\jestAdapter.js:79:19)\n    at runTestInternal (C:\\All_In_One_College_Website\\node_modules\\jest-runner\\build\\runTest.js:367:16)\n    at runTest (C:\\All_In_One_College_Website\\node_modules\\jest-runner\\build\\runTest.js:444:34)\n    at Object.worker (C:\\All_In_One_College_Website\\node_modules\\jest-runner\\build\\testWorker.js:106:12)"],"fullName":"Assignment Calendar should filter by priority","invocations":1,"location":null,"numPassingAsserts":0,"retryReasons":[],"status":"failed","title":"should filter by priority"},{"ancestorTitles":["Assignment Calendar"],"duration":1,"failureDetails":[{}],"failureMessages":["ReferenceError: AssignmentCalendar is not defined\n    at Object.calendar (C:\\All_In_One_College_Website\\__tests__\\components\\complete-suite.test.js:56:9)\n    at Promise.then.completed (C:\\All_In_One_College_Website\\node_modules\\jest-circus\\build\\utils.js:298:28)\n    at new Promise (<anonymous>)\n    at callAsyncCircusFn (C:\\All_In_One_College_Website\\node_modules\\jest-circus\\build\\utils.js:231:10)\n    at _callCircusHook (C:\\All_In_One_College_Website\\node_modules\\jest-circus\\build\\run.js:281:40)\n    at processTicksAndRejections (node:internal/process/task_queues:105:5)\n    at _runTest (C:\\All_In_One_College_Website\\node_modules\\jest-circus\\build\\run.js:246:5)\n    at _runTestsForDescribeBlock (C:\\All_In_One_College_Website\\node_modules\\jest-circus\\build\\run.js:126:9)\n    at _runTestsForDescribeBlock (C:\\All_In_One_College_Website\\node_modules\\jest-circus\\build\\run.js:121:9)\n    at run (C:\\All_In_One_College_Website\\node_modules\\jest-circus\\build\\run.js:71:3)\n    at runAndTransformResultsToJestFormat (C:\\All_In_One_College_Website\\node_modules\\jest-circus\\build\\legacy-code-todo-rewrite\\jestAdapterInit.js:122:21)\n    at jestAdapter (C:\\All_In_One_College_Website\\node_modules\\jest-circus\\build\\legacy-code-todo-rewrite\\jestAdapter.js:79:19)\n    at runTestInternal (C:\\All_In_One_College_Website\\node_modules\\jest-runner\\build\\runTest.js:367:16)\n    at runTest (C:\\All_In_One_College_Website\\node_modules\\jest-runner\\build\\runTest.js:444:34)\n    at Object.worker (C:\\All_In_One_College_Website\\node_modules\\jest-runner\\build\\testWorker.js:106:12)"],"fullName":"Assignment Calendar should get assignments for specific date","invocations":1,"location":null,"numPassingAsserts":0,"retryReasons":[],"status":"failed","title":"should get assignments for specific date"},{"ancestorTitles":["Question Bank"],"duration":1,"failureDetails":[{}],"failureMessages":["ReferenceError: QuestionBank is not defined\n    at Object.questionBank (C:\\All_In_One_College_Website\\__tests__\\components\\complete-suite.test.js:104:9)\n    at Promise.then.completed (C:\\All_In_One_College_Website\\node_modules\\jest-circus\\build\\utils.js:298:28)\n    at new Promise (<anonymous>)\n    at callAsyncCircusFn (C:\\All_In_One_College_Website\\node_modules\\jest-circus\\build\\utils.js:231:10)\n    at _callCircusHook (C:\\All_In_One_College_Website\\node_modules\\jest-circus\\build\\run.js:281:40)\n    at processTicksAndRejections (node:internal/process/task_queues:105:5)\n    at _runTest (C:\\All_In_One_College_Website\\node_modules\\jest-circus\\build\\run.js:246:5)\n    at _runTestsForDescribeBlock (C:\\All_In_One_College_Website\\node_modules\\jest-circus\\build\\run.js:126:9)\n    at _runTestsForDescribeBlock (C:\\All_In_One_College_Website\\node_modules\\jest-circus\\build\\run.js:121:9)\n    at run (C:\\All_In_One_College_Website\\node_modules\\jest-circus\\build\\run.js:71:3)\n    at runAndTransformResultsToJestFormat (C:\\All_In_One_College_Website\\node_modules\\jest-circus\\build\\legacy-code-todo-rewrite\\jestAdapterInit.js:122:21)\n    at jestAdapter (C:\\All_In_One_College_Website\\node_modules\\jest-circus\\build\\legacy-code-todo-rewrite\\jestAdapter.js:79:19)\n    at runTestInternal (C:\\All_In_One_College_Website\\node_modules\\jest-runner\\build\\runTest.js:367:16)\n    at runTest (C:\\All_In_One_College_Website\\node_modules\\jest-runner\\build\\runTest.js:444:34)\n    at Object.worker (C:\\All_In_One_College_Website\\node_modules\\jest-runner\\build\\testWorker.js:106:12)"],"fullName":"Question Bank should initialize with sample questions","invocations":1,"location":null,"numPassingAsserts":0,"retryReasons":[],"status":"failed","title":"should initialize with sample questions"},{"ancestorTitles":["Question Bank"],"duration":1,"failureDetails":[{}],"failureMessages":["ReferenceError: QuestionBank is not defined\n    at Object.questionBank (C:\\All_In_One_College_Website\\__tests__\\components\\complete-suite.test.js:104:9)\n    at Promise.then.completed (C:\\All_In_One_College_Website\\node_modules\\jest-circus\\build\\utils.js:298:28)\n    at new Promise (<anonymous>)\n    at callAsyncCircusFn (C:\\All_In_One_College_Website\\node_modules\\jest-circus\\build\\utils.js:231:10)\n    at _callCircusHook (C:\\All_In_One_College_Website\\node_modules\\jest-circus\\build\\run.js:281:40)\n    at processTicksAndRejections (node:internal/process/task_queues:105:5)\n    at _runTest (C:\\All_In_One_College_Website\\node_modules\\jest-circus\\build\\run.js:246:5)\n    at _runTestsForDescribeBlock (C:\\All_In_One_College_Website\\node_modules\\jest-circus\\build\\run.js:126:9)\n    at _runTestsForDescribeBlock (C:\\All_In_One_College_Website\\node_modules\\jest-circus\\build\\run.js:121:9)\n    at run (C:\\All_In_One_College_Website\\node_modules\\jest-circus\\build\\run.js:71:3)\n    at runAndTransformResultsToJestFormat (C:\\All_In_One_College_Website\\node_modules\\jest-circus\\build\\legacy-code-todo-rewrite\\jestAdapterInit.js:122:21)\n    at jestAdapter (C:\\All_In_One_College_Website\\node_modules\\jest-circus\\build\\legacy-code-todo-rewrite\\jestAdapter.js:79:19)\n    at runTestInternal (C:\\All_In_One_College_Website\\node_modules\\jest-runner\\build\\runTest.js:367:16)\n    at runTest (C:\\All_In_One_College_Website\\node_modules\\jest-runner\\build\\runTest.js:444:34)\n    at Object.worker (C:\\All_In_One_College_Website\\node_modules\\jest-runner\\build\\testWorker.js:106:12)"],"fullName":"Question Bank should add question correctly","invocations":1,"location":null,"numPassingAsserts":0,"retryReasons":[],"status":"failed","title":"should add question correctly"},{"ancestorTitles":["Question Bank"],"duration":1,"failureDetails":[{}],"failureMessages":["ReferenceError: QuestionBank is not defined\n    at Object.questionBank (C:\\All_In_One_College_Website\\__tests__\\components\\complete-suite.test.js:104:9)\n    at Promise.then.completed (C:\\All_In_One_College_Website\\node_modules\\jest-circus\\build\\utils.js:298:28)\n    at new Promise (<anonymous>)\n    at callAsyncCircusFn (C:\\All_In_One_College_Website\\node_modules\\jest-circus\\build\\utils.js:231:10)\n    at _callCircusHook (C:\\All_In_One_College_Website\\node_modules\\jest-circus\\build\\run.js:281:40)\n    at processTicksAndRejections (node:internal/process/task_queues:105:5)\n    at _runTest (C:\\All_In_One_College_Website\\node_modules\\jest-circus\\build\\run.js:246:5)\n    at _runTestsForDescribeBlock (C:\\All_In_One_College_Website\\node_modules\\jest-circus\\build\\run.js:126:9)\n    at _runTestsForDescribeBlock (C:\\All_In_One_College_Website\\node_modules\\jest-circus\\build\\run.js:121:9)\n    at run (C:\\All_In_One_College_Website\\node_modules\\jest-circus\\build\\run.js:71:3)\n    at runAndTransformResultsToJestFormat (C:\\All_In_One_College_Website\\node_modules\\jest-circus\\build\\legacy-code-todo-rewrite\\jestAdapterInit.js:122:21)\n    at jestAdapter (C:\\All_In_One_College_Website\\node_modules\\jest-circus\\build\\legacy-code-todo-rewrite\\jestAdapter.js:79:19)\n    at runTestInternal (C:\\All_In_One_College_Website\\node_modules\\jest-runner\\build\\runTest.js:367:16)\n    at runTest (C:\\All_In_One_College_Website\\node_modules\\jest-runner\\build\\runTest.js:444:34)\n    at Object.worker (C:\\All_In_One_College_Website\\node_modules\\jest-runner\\build\\testWorker.js:106:12)"],"fullName":"Question Bank should filter by difficulty","invocations":1,"location":null,"numPassingAsserts":0,"retryReasons":[],"status":"failed","title":"should filter by difficulty"},{"ancestorTitles":["Question Bank"],"duration":0,"failureDetails":[{}],"failureMessages":["ReferenceError: QuestionBank is not defined\n    at Object.questionBank (C:\\All_In_One_College_Website\\__tests__\\components\\complete-suite.test.js:104:9)\n    at Promise.then.completed (C:\\All_In_One_College_Website\\node_modules\\jest-circus\\build\\utils.js:298:28)\n    at new Promise (<anonymous>)\n    at callAsyncCircusFn (C:\\All_In_One_College_Website\\node_modules\\jest-circus\\build\\utils.js:231:10)\n    at _callCircusHook (C:\\All_In_One_College_Website\\node_modules\\jest-circus\\build\\run.js:281:40)\n    at processTicksAndRejections (node:internal/process/task_queues:105:5)\n    at _runTest (C:\\All_In_One_College_Website\\node_modules\\jest-circus\\build\\run.js:246:5)\n    at _runTestsForDescribeBlock (C:\\All_In_One_College_Website\\node_modules\\jest-circus\\build\\run.js:126:9)\n    at _runTestsForDescribeBlock (C:\\All_In_One_College_Website\\node_modules\\jest-circus\\build\\run.js:121:9)\n    at run (C:\\All_In_One_College_Website\\node_modules\\jest-circus\\build\\run.js:71:3)\n    at runAndTransformResultsToJestFormat (C:\\All_In_One_College_Website\\node_modules\\jest-circus\\build\\legacy-code-todo-rewrite\\jestAdapterInit.js:122:21)\n    at jestAdapter (C:\\All_In_One_College_Website\\node_modules\\jest-circus\\build\\legacy-code-todo-rewrite\\jestAdapter.js:79:19)\n    at runTestInternal (C:\\All_In_One_College_Website\\node_modules\\jest-runner\\build\\runTest.js:367:16)\n    at runTest (C:\\All_In_One_College_Website\\node_modules\\jest-runner\\build\\runTest.js:444:34)\n    at Object.worker (C:\\All_In_One_College_Website\\node_modules\\jest-runner\\build\\testWorker.js:106:12)"],"fullName":"Question Bank should generate random quiz","invocations":1,"location":null,"numPassingAsserts":0,"retryReasons":[],"status":"failed","title":"should generate random quiz"},{"ancestorTitles":["Auto-Grader"],"duration":0,"failureDetails":[{}],"failureMessages":["ReferenceError: AutoGrader is not defined\n    at Object.grader (C:\\All_In_One_College_Website\\__tests__\\components\\complete-suite.test.js:148:9)\n    at Promise.then.completed (C:\\All_In_One_College_Website\\node_modules\\jest-circus\\build\\utils.js:298:28)\n    at new Promise (<anonymous>)\n    at callAsyncCircusFn (C:\\All_In_One_College_Website\\node_modules\\jest-circus\\build\\utils.js:231:10)\n    at _callCircusHook (C:\\All_In_One_College_Website\\node_modules\\jest-circus\\build\\run.js:281:40)\n    at processTicksAndRejections (node:internal/process/task_queues:105:5)\n    at _runTest (C:\\All_In_One_College_Website\\node_modules\\jest-circus\\build\\run.js:246:5)\n    at _runTestsForDescribeBlock (C:\\All_In_One_College_Website\\node_modules\\jest-circus\\build\\run.js:126:9)\n    at _runTestsForDescribeBlock (C:\\All_In_One_College_Website\\node_modules\\jest-circus\\build\\run.js:121:9)\n    at run (C:\\All_In_One_College_Website\\node_modules\\jest-circus\\build\\run.js:71:3)\n    at runAndTransformResultsToJestFormat (C:\\All_In_One_College_Website\\node_modules\\jest-circus\\build\\legacy-code-todo-rewrite\\jestAdapterInit.js:122:21)\n    at jestAdapter (C:\\All_In_One_College_Website\\node_modules\\jest-circus\\build\\legacy-code-todo-rewrite\\jestAdapter.js:79:19)\n    at runTestInternal (C:\\All_In_One_College_Website\\node_modules\\jest-runner\\build\\runTest.js:367:16)\n    at runTest (C:\\All_In_One_College_Website\\node_modules\\jest-runner\\build\\runTest.js:444:34)\n    at Object.worker (C:\\All_In_One_College_Website\\node_modules\\jest-runner\\build\\testWorker.js:106:12)"],"fullName":"Auto-Grader should calculate grade correctly","invocations":1,"location":null,"numPassingAsserts":0,"retryReasons":[],"status":"failed","title":"should calculate grade correctly"},{"ancestorTitles":["Auto-Grader"],"duration":1,"failureDetails":[{}],"failureMessages":["ReferenceError: AutoGrader is not defined\n    at Object.grader (C:\\All_In_One_College_Website\\__tests__\\components\\complete-suite.test.js:148:9)\n    at Promise.then.completed (C:\\All_In_One_College_Website\\node_modules\\jest-circus\\build\\utils.js:298:28)\n    at new Promise (<anonymous>)\n    at callAsyncCircusFn (C:\\All_In_One_College_Website\\node_modules\\jest-circus\\build\\utils.js:231:10)\n    at _callCircusHook (C:\\All_In_One_College_Website\\node_modules\\jest-circus\\build\\run.js:281:40)\n    at processTicksAndRejections (node:internal/process/task_queues:105:5)\n    at _runTest (C:\\All_In_One_College_Website\\node_modules\\jest-circus\\build\\run.js:246:5)\n    at _runTestsForDescribeBlock (C:\\All_In_One_College_Website\\node_modules\\jest-circus\\build\\run.js:126:9)\n    at _runTestsForDescribeBlock (C:\\All_In_One_College_Website\\node_modules\\jest-circus\\build\\run.js:121:9)\n    at run (C:\\All_In_One_College_Website\\node_modules\\jest-circus\\build\\run.js:71:3)\n    at runAndTransformResultsToJestFormat (C:\\All_In_One_College_Website\\node_modules\\jest-circus\\build\\legacy-code-todo-rewrite\\jestAdapterInit.js:122:21)\n    at jestAdapter (C:\\All_In_One_College_Website\\node_modules\\jest-circus\\build\\legacy-code-todo-rewrite\\jestAdapter.js:79:19)\n    at runTestInternal (C:\\All_In_One_College_Website\\node_modules\\jest-runner\\build\\runTest.js:367:16)\n    at runTest (C:\\All_In_One_College_Website\\node_modules\\jest-runner\\build\\runTest.js:444:34)\n    at Object.worker (C:\\All_In_One_College_Website\\node_modules\\jest-runner\\build\\testWorker.js:106:12)"],"fullName":"Auto-Grader should grade submission correctly","invocations":1,"location":null,"numPassingAsserts":0,"retryReasons":[],"status":"failed","title":"should grade submission correctly"},{"ancestorTitles":["Auto-Grader"],"duration":0,"failureDetails":[{}],"failureMessages":["ReferenceError: AutoGrader is not defined\n    at Object.grader (C:\\All_In_One_College_Website\\__tests__\\components\\complete-suite.test.js:148:9)\n    at Promise.then.completed (C:\\All_In_One_College_Website\\node_modules\\jest-circus\\build\\utils.js:298:28)\n    at new Promise (<anonymous>)\n    at callAsyncCircusFn (C:\\All_In_One_College_Website\\node_modules\\jest-circus\\build\\utils.js:231:10)\n    at _callCircusHook (C:\\All_In_One_College_Website\\node_modules\\jest-circus\\build\\run.js:281:40)\n    at processTicksAndRejections (node:internal/process/task_queues:105:5)\n    at _runTest (C:\\All_In_One_College_Website\\node_modules\\jest-circus\\build\\run.js:246:5)\n    at _runTestsForDescribeBlock (C:\\All_In_One_College_Website\\node_modules\\jest-circus\\build\\run.js:126:9)\n    at _runTestsForDescribeBlock (C:\\All_In_One_College_Website\\node_modules\\jest-circus\\build\\run.js:121:9)\n    at run (C:\\All_In_One_College_Website\\node_modules\\jest-circus\\build\\run.js:71:3)\n    at runAndTransformResultsToJestFormat (C:\\All_In_One_College_Website\\node_modules\\jest-circus\\build\\legacy-code-todo-rewrite\\jestAdapterInit.js:122:21)\n    at jestAdapter (C:\\All_In_One_College_Website\\node_modules\\jest-circus\\build\\legacy-code-todo-rewrite\\jestAdapter.js:79:19)\n    at runTestInternal (C:\\All_In_One_College_Website\\node_modules\\jest-runner\\build\\runTest.js:367:16)\n    at runTest (C:\\All_In_One_College_Website\\node_modules\\jest-runner\\build\\runTest.js:444:34)\n    at Object.worker (C:\\All_In_One_College_Website\\node_modules\\jest-runner\\build\\testWorker.js:106:12)"],"fullName":"Auto-Grader should calculate pass rate","invocations":1,"location":null,"numPassingAsserts":0,"retryReasons":[],"status":"failed","title":"should calculate pass rate"},{"ancestorTitles":["Rubric Creator"],"duration":1,"failureDetails":[{}],"failureMessages":["ReferenceError: RubricCreator is not defined\n    at Object.rubricCreator (C:\\All_In_One_College_Website\\__tests__\\components\\complete-suite.test.js:197:9)\n    at Promise.then.completed (C:\\All_In_One_College_Website\\node_modules\\jest-circus\\build\\utils.js:298:28)\n    at new Promise (<anonymous>)\n    at callAsyncCircusFn (C:\\All_In_One_College_Website\\node_modules\\jest-circus\\build\\utils.js:231:10)\n    at _callCircusHook (C:\\All_In_One_College_Website\\node_modules\\jest-circus\\build\\run.js:281:40)\n    at processTicksAndRejections (node:internal/process/task_queues:105:5)\n    at _runTest (C:\\All_In_One_College_Website\\node_modules\\jest-circus\\build\\run.js:246:5)\n    at _runTestsForDescribeBlock (C:\\All_In_One_College_Website\\node_modules\\jest-circus\\build\\run.js:126:9)\n    at _runTestsForDescribeBlock (C:\\All_In_One_College_Website\\node_modules\\jest-circus\\build\\run.js:121:9)\n    at run (C:\\All_In_One_College_Website\\node_modules\\jest-circus\\build\\run.js:71:3)\n    at runAndTransformResultsToJestFormat (C:\\All_In_One_College_Website\\node_modules\\jest-circus\\build\\legacy-code-todo-rewrite\\jestAdapterInit.js:122:21)\n    at jestAdapter (C:\\All_In_One_College_Website\\node_modules\\jest-circus\\build\\legacy-code-todo-rewrite\\jestAdapter.js:79:19)\n    at runTestInternal (C:\\All_In_One_College_Website\\node_modules\\jest-runner\\build\\runTest.js:367:16)\n    at runTest (C:\\All_In_One_College_Website\\node_modules\\jest-runner\\build\\runTest.js:444:34)\n    at Object.worker (C:\\All_In_One_College_Website\\node_modules\\jest-runner\\build\\testWorker.js:106:12)"],"fullName":"Rubric Creator should create rubric correctly","invocations":1,"location":null,"numPassingAsserts":0,"retryReasons":[],"status":"failed","title":"should create rubric correctly"},{"ancestorTitles":["Rubric Creator"],"duration":0,"failureDetails":[{}],"failureMessages":["ReferenceError: RubricCreator is not defined\n    at Object.rubricCreator (C:\\All_In_One_College_Website\\__tests__\\components\\complete-suite.test.js:197:9)\n    at Promise.then.completed (C:\\All_In_One_College_Website\\node_modules\\jest-circus\\build\\utils.js:298:28)\n    at new Promise (<anonymous>)\n    at callAsyncCircusFn (C:\\All_In_One_College_Website\\node_modules\\jest-circus\\build\\utils.js:231:10)\n    at _callCircusHook (C:\\All_In_One_College_Website\\node_modules\\jest-circus\\build\\run.js:281:40)\n    at processTicksAndRejections (node:internal/process/task_queues:105:5)\n    at _runTest (C:\\All_In_One_College_Website\\node_modules\\jest-circus\\build\\run.js:246:5)\n    at _runTestsForDescribeBlock (C:\\All_In_One_College_Website\\node_modules\\jest-circus\\build\\run.js:126:9)\n    at _runTestsForDescribeBlock (C:\\All_In_One_College_Website\\node_modules\\jest-circus\\build\\run.js:121:9)\n    at run (C:\\All_In_One_College_Website\\node_modules\\jest-circus\\build\\run.js:71:3)\n    at runAndTransformResultsToJestFormat (C:\\All_In_One_College_Website\\node_modules\\jest-circus\\build\\legacy-code-todo-rewrite\\jestAdapterInit.js:122:21)\n    at jestAdapter (C:\\All_In_One_College_Website\\node_modules\\jest-circus\\build\\legacy-code-todo-rewrite\\jestAdapter.js:79:19)\n    at runTestInternal (C:\\All_In_One_College_Website\\node_modules\\jest-runner\\build\\runTest.js:367:16)\n    at runTest (C:\\All_In_One_College_Website\\node_modules\\jest-runner\\build\\runTest.js:444:34)\n    at Object.worker (C:\\All_In_One_College_Website\\node_modules\\jest-runner\\build\\testWorker.js:106:12)"],"fullName":"Rubric Creator should calculate total points","invocations":1,"location":null,"numPassingAsserts":0,"retryReasons":[],"status":"failed","title":"should calculate total points"},{"ancestorTitles":["Risk Detection"],"duration":0,"failureDetails":[{}],"failureMessages":["ReferenceError: RiskDetection is not defined\n    at Object.riskDetection (C:\\All_In_One_College_Website\\__tests__\\components\\complete-suite.test.js:240:9)\n    at Promise.then.completed (C:\\All_In_One_College_Website\\node_modules\\jest-circus\\build\\utils.js:298:28)\n    at new Promise (<anonymous>)\n    at callAsyncCircusFn (C:\\All_In_One_College_Website\\node_modules\\jest-circus\\build\\utils.js:231:10)\n    at _callCircusHook (C:\\All_In_One_College_Website\\node_modules\\jest-circus\\build\\run.js:281:40)\n    at processTicksAndRejections (node:internal/process/task_queues:105:5)\n    at _runTest (C:\\All_In_One_College_Website\\node_modules\\jest-circus\\build\\run.js:246:5)\n    at _runTestsForDescribeBlock (C:\\All_In_One_College_Website\\node_modules\\jest-circus\\build\\run.js:126:9)\n    at _runTestsForDescribeBlock (C:\\All_In_One_College_Website\\node_modules\\jest-circus\\build\\run.js:121:9)\n    at run (C:\\All_In_One_College_Website\\node_modules\\jest-circus\\build\\run.js:71:3)\n    at runAndTransformResultsToJestFormat (C:\\All_In_One_College_Website\\node_modules\\jest-circus\\build\\legacy-code-todo-rewrite\\jestAdapterInit.js:122:21)\n    at jestAdapter (C:\\All_In_One_College_Website\\node_modules\\jest-circus\\build\\legacy-code-todo-rewrite\\jestAdapter.js:79:19)\n    at runTestInternal (C:\\All_In_One_College_Website\\node_modules\\jest-runner\\build\\runTest.js:367:16)\n    at runTest (C:\\All_In_One_College_Website\\node_modules\\jest-runner\\build\\runTest.js:444:34)\n    at Object.worker (C:\\All_In_One_College_Website\\node_modules\\jest-runner\\build\\testWorker.js:106:12)"],"fullName":"Risk Detection should detect high risk students","invocations":1,"location":null,"numPassingAsserts":0,"retryReasons":[],"status":"failed","title":"should detect high risk students"},{"ancestorTitles":["Risk Detection"],"duration":0,"failureDetails":[{}],"failureMessages":["ReferenceError: RiskDetection is not defined\n    at Object.riskDetection (C:\\All_In_One_College_Website\\__tests__\\components\\complete-suite.test.js:240:9)\n    at Promise.then.completed (C:\\All_In_One_College_Website\\node_modules\\jest-circus\\build\\utils.js:298:28)\n    at new Promise (<anonymous>)\n    at callAsyncCircusFn (C:\\All_In_One_College_Website\\node_modules\\jest-circus\\build\\utils.js:231:10)\n    at _callCircusHook (C:\\All_In_One_College_Website\\node_modules\\jest-circus\\build\\run.js:281:40)\n    at processTicksAndRejections (node:internal/process/task_queues:105:5)\n    at _runTest (C:\\All_In_One_College_Website\\node_modules\\jest-circus\\build\\run.js:246:5)\n    at _runTestsForDescribeBlock (C:\\All_In_One_College_Website\\node_modules\\jest-circus\\build\\run.js:126:9)\n    at _runTestsForDescribeBlock (C:\\All_In_One_College_Website\\node_modules\\jest-circus\\build\\run.js:121:9)\n    at run (C:\\All_In_One_College_Website\\node_modules\\jest-circus\\build\\run.js:71:3)\n    at runAndTransformResultsToJestFormat (C:\\All_In_One_College_Website\\node_modules\\jest-circus\\build\\legacy-code-todo-rewrite\\jestAdapterInit.js:122:21)\n    at jestAdapter (C:\\All_In_One_College_Website\\node_modules\\jest-circus\\build\\legacy-code-todo-rewrite\\jestAdapter.js:79:19)\n    at runTestInternal (C:\\All_In_One_College_Website\\node_modules\\jest-runner\\build\\runTest.js:367:16)\n    at runTest (C:\\All_In_One_College_Website\\node_modules\\jest-runner\\build\\runTest.js:444:34)\n    at Object.worker (C:\\All_In_One_College_Website\\node_modules\\jest-runner\\build\\testWorker.js:106:12)"],"fullName":"Risk Detection should detect low risk students","invocations":1,"location":null,"numPassingAsserts":0,"retryReasons":[],"status":"failed","title":"should detect low risk students"},{"ancestorTitles":["Risk Detection"],"duration":1,"failureDetails":[{}],"failureMessages":["ReferenceError: RiskDetection is not defined\n    at Object.riskDetection (C:\\All_In_One_College_Website\\__tests__\\components\\complete-suite.test.js:240:9)\n    at Promise.then.completed (C:\\All_In_One_College_Website\\node_modules\\jest-circus\\build\\utils.js:298:28)\n    at new Promise (<anonymous>)\n    at callAsyncCircusFn (C:\\All_In_One_College_Website\\node_modules\\jest-circus\\build\\utils.js:231:10)\n    at _callCircusHook (C:\\All_In_One_College_Website\\node_modules\\jest-circus\\build\\run.js:281:40)\n    at processTicksAndRejections (node:internal/process/task_queues:105:5)\n    at _runTest (C:\\All_In_One_College_Website\\node_modules\\jest-circus\\build\\run.js:246:5)\n    at _runTestsForDescribeBlock (C:\\All_In_One_College_Website\\node_modules\\jest-circus\\build\\run.js:126:9)\n    at _runTestsForDescribeBlock (C:\\All_In_One_College_Website\\node_modules\\jest-circus\\build\\run.js:121:9)\n    at run (C:\\All_In_One_College_Website\\node_modules\\jest-circus\\build\\run.js:71:3)\n    at runAndTransformResultsToJestFormat (C:\\All_In_One_College_Website\\node_modules\\jest-circus\\build\\legacy-code-todo-rewrite\\jestAdapterInit.js:122:21)\n    at jestAdapter (C:\\All_In_One_College_Website\\node_modules\\jest-circus\\build\\legacy-code-todo-rewrite\\jestAdapter.js:79:19)\n    at runTestInternal (C:\\All_In_One_College_Website\\node_modules\\jest-runner\\build\\runTest.js:367:16)\n    at runTest (C:\\All_In_One_College_Website\\node_modules\\jest-runner\\build\\runTest.js:444:34)\n    at Object.worker (C:\\All_In_One_College_Website\\node_modules\\jest-runner\\build\\testWorker.js:106:12)"],"fullName":"Risk Detection should record interventions","invocations":1,"location":null,"numPassingAsserts":0,"retryReasons":[],"status":"failed","title":"should record interventions"},{"ancestorTitles":["Component Integration"],"duration":5,"failureDetails":[{"matcherResult":{"actual":"undefined","expected":"function","message":"\u001b[2mexpect(\u001b[22m\u001b[31mreceived\u001b[39m\u001b[2m).\u001b[22mtoBe\u001b[2m(\u001b[22m\u001b[32mexpected\u001b[39m\u001b[2m) // Object.is equality\u001b[22m\n\nExpected: \u001b[32m\"\u001b[7mf\u001b[27mun\u001b[7mction\u001b[27m\"\u001b[39m\nReceived: \u001b[31m\"un\u001b[7mdefined\u001b[27m\"\u001b[39m","name":"toBe","pass":false}}],"failureMessages":["Error: \u001b[2mexpect(\u001b[22m\u001b[31mreceived\u001b[39m\u001b[2m).\u001b[22mtoBe\u001b[2m(\u001b[22m\u001b[32mexpected\u001b[39m\u001b[2m) // Object.is equality\u001b[22m\n\nExpected: \u001b[32m\"\u001b[7mf\u001b[27mun\u001b[7mction\u001b[27m\"\u001b[39m\nReceived: \u001b[31m\"un\u001b[7mdefined\u001b[27m\"\u001b[39m\n    at Object.toBe (C:\\All_In_One_College_Website\\__tests__\\components\\complete-suite.test.js:289:38)\n    at Promise.then.completed (C:\\All_In_One_College_Website\\node_modules\\jest-circus\\build\\utils.js:298:28)\n    at new Promise (<anonymous>)\n    at callAsyncCircusFn (C:\\All_In_One_College_Website\\node_modules\\jest-circus\\build\\utils.js:231:10)\n    at _callCircusTest (C:\\All_In_One_College_Website\\node_modules\\jest-circus\\build\\run.js:316:40)\n    at processTicksAndRejections (node:internal/process/task_queues:105:5)\n    at _runTest (C:\\All_In_One_College_Website\\node_modules\\jest-circus\\build\\run.js:252:3)\n    at _runTestsForDescribeBlock (C:\\All_In_One_College_Website\\node_modules\\jest-circus\\build\\run.js:126:9)\n    at _runTestsForDescribeBlock (C:\\All_In_One_College_Website\\node_modules\\jest-circus\\build\\run.js:121:9)\n    at run (C:\\All_In_One_College_Website\\node_modules\\jest-circus\\build\\run.js:71:3)\n    at runAndTransformResultsToJestFormat (C:\\All_In_One_College_Website\\node_modules\\jest-circus\\build\\legacy-code-todo-rewrite\\jestAdapterInit.js:122:21)\n    at jestAdapter (C:\\All_In_One_College_Website\\node_modules\\jest-circus\\build\\legacy-code-todo-rewrite\\jestAdapter.js:79:19)\n    at runTestInternal (C:\\All_In_One_College_Website\\node_modules\\jest-runner\\build\\runTest.js:367:16)\n    at runTest (C:\\All_In_One_College_Website\\node_modules\\jest-runner\\build\\runTest.js:444:34)\n    at Object.worker (C:\\All_In_One_College_Website\\node_modules\\jest-runner\\build\\testWorker.js:106:12)"],"fullName":"Component Integration should load all components without errors","invocations":1,"location":null,"numPassingAsserts":0,"retryReasons":[],"status":"failed","title":"should load all components without errors"},{"ancestorTitles":["Component Integration"],"duration":1,"failureDetails":[],"failureMessages":[],"fullName":"Component Integration should persist data to localStorage","invocations":1,"location":null,"numPassingAsserts":1,"retryReasons":[],"status":"passed","title":"should persist data to localStorage"},{"ancestorTitles":["Component Integration"],"duration":0,"failureDetails":[{"matcherResult":{"actual":"undefined","expected":"function","message":"\u001b[2mexpect(\u001b[22m\u001b[31mreceived\u001b[39m\u001b[2m).\u001b[22mtoBe\u001b[2m(\u001b[22m\u001b[32mexpected\u001b[39m\u001b[2m) // Object.is equality\u001b[22m\n\nExpected: \u001b[32m\"\u001b[7mf\u001b[27mun\u001b[7mction\u001b[27m\"\u001b[39m\nReceived: \u001b[31m\"un\u001b[7mdefined\u001b[27m\"\u001b[39m","name":"toBe","pass":false}}],"failureMessages":["Error: \u001b[2mexpect(\u001b[22m\u001b[31mreceived\u001b[39m\u001b[2m).\u001b[22mtoBe\u001b[2m(\u001b[22m\u001b[32mexpected\u001b[39m\u001b[2m) // Object.is equality\u001b[22m\n\nExpected: \u001b[32m\"\u001b[7mf\u001b[27mun\u001b[7mction\u001b[27m\"\u001b[39m\nReceived: \u001b[31m\"un\u001b[7mdefined\u001b[27m\"\u001b[39m\n    at Object.toBe (C:\\All_In_One_College_Website\\__tests__\\components\\complete-suite.test.js:310:34)\n    at Promise.then.completed (C:\\All_In_One_College_Website\\node_modules\\jest-circus\\build\\utils.js:298:28)\n    at new Promise (<anonymous>)\n    at callAsyncCircusFn (C:\\All_In_One_College_Website\\node_modules\\jest-circus\\build\\utils.js:231:10)\n    at _callCircusTest (C:\\All_In_One_College_Website\\node_modules\\jest-circus\\build\\run.js:316:40)\n    at processTicksAndRejections (node:internal/process/task_queues:105:5)\n    at _runTest (C:\\All_In_One_College_Website\\node_modules\\jest-circus\\build\\run.js:252:3)\n    at _runTestsForDescribeBlock (C:\\All_In_One_College_Website\\node_modules\\jest-circus\\build\\run.js:126:9)\n    at _runTestsForDescribeBlock (C:\\All_In_One_College_Website\\node_modules\\jest-circus\\build\\run.js:121:9)\n    at run (C:\\All_In_One_College_Website\\node_modules\\jest-circus\\build\\run.js:71:3)\n    at runAndTransformResultsToJestFormat (C:\\All_In_One_College_Website\\node_modules\\jest-circus\\build\\legacy-code-todo-rewrite\\jestAdapterInit.js:122:21)\n    at jestAdapter (C:\\All_In_One_College_Website\\node_modules\\jest-circus\\build\\legacy-code-todo-rewrite\\jestAdapter.js:79:19)\n    at runTestInternal (C:\\All_In_One_College_Website\\node_modules\\jest-runner\\build\\runTest.js:367:16)\n    at runTest (C:\\All_In_One_College_Website\\node_modules\\jest-runner\\build\\runTest.js:444:34)\n    at Object.worker (C:\\All_In_One_College_Website\\node_modules\\jest-runner\\build\\testWorker.js:106:12)"],"fullName":"Component Integration should handle toast notifications","invocations":1,"location":null,"numPassingAsserts":0,"retryReasons":[],"status":"failed","title":"should handle toast notifications"},{"ancestorTitles":["Performance"],"duration":0,"failureDetails":[{}],"failureMessages":["ReferenceError: GPACalculator is not defined\n    at Object.<anonymous> (C:\\All_In_One_College_Website\\__tests__\\components\\complete-suite.test.js:325:9)\n    at Promise.then.completed (C:\\All_In_One_College_Website\\node_modules\\jest-circus\\build\\utils.js:298:28)\n    at new Promise (<anonymous>)\n    at callAsyncCircusFn (C:\\All_In_One_College_Website\\node_modules\\jest-circus\\build\\utils.js:231:10)\n    at _callCircusTest (C:\\All_In_One_College_Website\\node_modules\\jest-circus\\build\\run.js:316:40)\n    at processTicksAndRejections (node:internal/process/task_queues:105:5)\n    at _runTest (C:\\All_In_One_College_Website\\node_modules\\jest-circus\\build\\run.js:252:3)\n    at _runTestsForDescribeBlock (C:\\All_In_One_College_Website\\node_modules\\jest-circus\\build\\run.js:126:9)\n    at _runTestsForDescribeBlock (C:\\All_In_One_College_Website\\node_modules\\jest-circus\\build\\run.js:121:9)\n    at run (C:\\All_In_One_College_Website\\node_modules\\jest-circus\\build\\run.js:71:3)\n    at runAndTransformResultsToJestFormat (C:\\All_In_One_College_Website\\node_modules\\jest-circus\\build\\legacy-code-todo-rewrite\\jestAdapterInit.js:122:21)\n    at jestAdapter (C:\\All_In_One_College_Website\\node_modules\\jest-circus\\build\\legacy-code-todo-rewrite\\jestAdapter.js:79:19)\n    at runTestInternal (C:\\All_In_One_College_Website\\node_modules\\jest-runner\\build\\runTest.js:367:16)\n    at runTest (C:\\All_In_One_College_Website\\node_modules\\jest-runner\\build\\runTest.js:444:34)\n    at Object.worker (C:\\All_In_One_College_Website\\node_modules\\jest-runner\\build\\testWorker.js:106:12)"],"fullName":"Performance should initialize components quickly","invocations":1,"location":null,"numPassingAsserts":0,"retryReasons":[],"status":"failed","title":"should initialize components quickly"},{"ancestorTitles":["Performance"],"duration":0,"failureDetails":[],"failureMessages":[],"fullName":"Performance should handle large datasets efficiently","invocations":1,"location":null,"numPassingAsserts":1,"retryReasons":[],"status":"passed","title":"should handle large datasets efficiently"},{"ancestorTitles":["Accessibility"],"duration":9,"failureDetails":[],"failureMessages":[],"fullName":"Accessibility should have proper ARIA labels","invocations":1,"location":null,"numPassingAsserts":2,"retryReasons":[],"status":"passed","title":"should have proper ARIA labels"},{"ancestorTitles":["Accessibility"],"duration":5,"failureDetails":[],"failureMessages":[],"fullName":"Accessibility should support keyboard navigation","invocations":1,"location":null,"numPassingAsserts":2,"retryReasons":[],"status":"passed","title":"should support keyboard navigation"}],"endTime":1760107941782,"message":"\u001b[1m\u001b[31m  \u001b[1m● \u001b[22m\u001b[1mGPA Calculator › should initialize with empty semesters\u001b[39m\u001b[22m\n\n    ReferenceError: GPACalculator is not defined\n\u001b[2m\u001b[22m\n\u001b[2m    \u001b[0m \u001b[90m 10 |\u001b[39m     beforeEach(() \u001b[33m=>\u001b[39m {\u001b[22m\n\u001b[2m     \u001b[90m 11 |\u001b[39m         document\u001b[33m.\u001b[39mbody\u001b[33m.\u001b[39minnerHTML \u001b[33m=\u001b[39m \u001b[32m'<div id=\"test-gpa\"></div>'\u001b[39m\u001b[33m;\u001b[39m\u001b[22m\n\u001b[2m    \u001b[31m\u001b[1m>\u001b[22m\u001b[2m\u001b[39m\u001b[90m 12 |\u001b[39m         calculator \u001b[33m=\u001b[39m \u001b[36mnew\u001b[39m \u001b[33mGPACalculator\u001b[39m(\u001b[32m'test-gpa'\u001b[39m)\u001b[33m;\u001b[39m\u001b[22m\n\u001b[2m     \u001b[90m    |\u001b[39m         \u001b[31m\u001b[1m^\u001b[22m\u001b[2m\u001b[39m\u001b[22m\n\u001b[2m     \u001b[90m 13 |\u001b[39m     })\u001b[33m;\u001b[39m\u001b[22m\n\u001b[2m     \u001b[90m 14 |\u001b[39m\u001b[22m\n\u001b[2m     \u001b[90m 15 |\u001b[39m     test(\u001b[32m'should initialize with empty semesters'\u001b[39m\u001b[33m,\u001b[39m () \u001b[33m=>\u001b[39m {\u001b[0m\u001b[22m\n\u001b[2m\u001b[22m\n\u001b[2m      \u001b[2mat Object.calculator (\u001b[22m\u001b[2m\u001b[0m\u001b[36m__tests__/components/complete-suite.test.js\u001b[39m\u001b[0m\u001b[2m:12:9)\u001b[22m\u001b[2m\u001b[22m\n\n\u001b[1m\u001b[31m  \u001b[1m● \u001b[22m\u001b[1mGPA Calculator › should add semester correctly\u001b[39m\u001b[22m\n\n    ReferenceError: GPACalculator is not defined\n\u001b[2m\u001b[22m\n\u001b[2m    \u001b[0m \u001b[90m 10 |\u001b[39m     beforeEach(() \u001b[33m=>\u001b[39m {\u001b[22m\n\u001b[2m     \u001b[90m 11 |\u001b[39m         document\u001b[33m.\u001b[39mbody\u001b[33m.\u001b[39minnerHTML \u001b[33m=\u001b[39m \u001b[32m'<div id=\"test-gpa\"></div>'\u001b[39m\u001b[33m;\u001b[39m\u001b[22m\n\u001b[2m    \u001b[31m\u001b[1m>\u001b[22m\u001b[2m\u001b[39m\u001b[90m 12 |\u001b[39m         calculator \u001b[33m=\u001b[39m \u001b[36mnew\u001b[39m \u001b[33mGPACalculator\u001b[39m(\u001b[32m'test-gpa'\u001b[39m)\u001b[33m;\u001b[39m\u001b[22m\n\u001b[2m     \u001b[90m    |\u001b[39m         \u001b[31m\u001b[1m^\u001b[22m\u001b[2m\u001b[39m\u001b[22m\n\u001b[2m     \u001b[90m 13 |\u001b[39m     })\u001b[33m;\u001b[39m\u001b[22m\n\u001b[2m     \u001b[90m 14 |\u001b[39m\u001b[22m\n\u001b[2m     \u001b[90m 15 |\u001b[39m     test(\u001b[32m'should initialize with empty semesters'\u001b[39m\u001b[33m,\u001b[39m () \u001b[33m=>\u001b[39m {\u001b[0m\u001b[22m\n\u001b[2m\u001b[22m\n\u001b[2m      \u001b[2mat Object.calculator (\u001b[22m\u001b[2m\u001b[0m\u001b[36m__tests__/components/complete-suite.test.js\u001b[39m\u001b[0m\u001b[2m:12:9)\u001b[22m\u001b[2m\u001b[22m\n\n\u001b[1m\u001b[31m  \u001b[1m● \u001b[22m\u001b[1mGPA Calculator › should calculate CGPA correctly\u001b[39m\u001b[22m\n\n    ReferenceError: GPACalculator is not defined\n\u001b[2m\u001b[22m\n\u001b[2m    \u001b[0m \u001b[90m 10 |\u001b[39m     beforeEach(() \u001b[33m=>\u001b[39m {\u001b[22m\n\u001b[2m     \u001b[90m 11 |\u001b[39m         document\u001b[33m.\u001b[39mbody\u001b[33m.\u001b[39minnerHTML \u001b[33m=\u001b[39m \u001b[32m'<div id=\"test-gpa\"></div>'\u001b[39m\u001b[33m;\u001b[39m\u001b[22m\n\u001b[2m    \u001b[31m\u001b[1m>\u001b[22m\u001b[2m\u001b[39m\u001b[90m 12 |\u001b[39m         calculator \u001b[33m=\u001b[39m \u001b[36mnew\u001b[39m \u001b[33mGPACalculator\u001b[39m(\u001b[32m'test-gpa'\u001b[39m)\u001b[33m;\u001b[39m\u001b[22m\n\u001b[2m     \u001b[90m    |\u001b[39m         \u001b[31m\u001b[1m^\u001b[22m\u001b[2m\u001b[39m\u001b[22m\n\u001b[2m     \u001b[90m 13 |\u001b[39m     })\u001b[33m;\u001b[39m\u001b[22m\n\u001b[2m     \u001b[90m 14 |\u001b[39m\u001b[22m\n\u001b[2m     \u001b[90m 15 |\u001b[39m     test(\u001b[32m'should initialize with empty semesters'\u001b[39m\u001b[33m,\u001b[39m () \u001b[33m=>\u001b[39m {\u001b[0m\u001b[22m\n\u001b[2m\u001b[22m\n\u001b[2m      \u001b[2mat Object.calculator (\u001b[22m\u001b[2m\u001b[0m\u001b[36m__tests__/components/complete-suite.test.js\u001b[39m\u001b[0m\u001b[2m:12:9)\u001b[22m\u001b[2m\u001b[22m\n\n\u001b[1m\u001b[31m  \u001b[1m● \u001b[22m\u001b[1mGPA Calculator › should save to localStorage\u001b[39m\u001b[22m\n\n    ReferenceError: GPACalculator is not defined\n\u001b[2m\u001b[22m\n\u001b[2m    \u001b[0m \u001b[90m 10 |\u001b[39m     beforeEach(() \u001b[33m=>\u001b[39m {\u001b[22m\n\u001b[2m     \u001b[90m 11 |\u001b[39m         document\u001b[33m.\u001b[39mbody\u001b[33m.\u001b[39minnerHTML \u001b[33m=\u001b[39m \u001b[32m'<div id=\"test-gpa\"></div>'\u001b[39m\u001b[33m;\u001b[39m\u001b[22m\n\u001b[2m    \u001b[31m\u001b[1m>\u001b[22m\u001b[2m\u001b[39m\u001b[90m 12 |\u001b[39m         calculator \u001b[33m=\u001b[39m \u001b[36mnew\u001b[39m \u001b[33mGPACalculator\u001b[39m(\u001b[32m'test-gpa'\u001b[39m)\u001b[33m;\u001b[39m\u001b[22m\n\u001b[2m     \u001b[90m    |\u001b[39m         \u001b[31m\u001b[1m^\u001b[22m\u001b[2m\u001b[39m\u001b[22m\n\u001b[2m     \u001b[90m 13 |\u001b[39m     })\u001b[33m;\u001b[39m\u001b[22m\n\u001b[2m     \u001b[90m 14 |\u001b[39m\u001b[22m\n\u001b[2m     \u001b[90m 15 |\u001b[39m     test(\u001b[32m'should initialize with empty semesters'\u001b[39m\u001b[33m,\u001b[39m () \u001b[33m=>\u001b[39m {\u001b[0m\u001b[22m\n\u001b[2m\u001b[22m\n\u001b[2m      \u001b[2mat Object.calculator (\u001b[22m\u001b[2m\u001b[0m\u001b[36m__tests__/components/complete-suite.test.js\u001b[39m\u001b[0m\u001b[2m:12:9)\u001b[22m\u001b[2m\u001b[22m\n\n\u001b[1m\u001b[31m  \u001b[1m● \u001b[22m\u001b[1mAssignment Calendar › should initialize with empty assignments\u001b[39m\u001b[22m\n\n    ReferenceError: AssignmentCalendar is not defined\n\u001b[2m\u001b[22m\n\u001b[2m    \u001b[0m \u001b[90m 54 |\u001b[39m     beforeEach(() \u001b[33m=>\u001b[39m {\u001b[22m\n\u001b[2m     \u001b[90m 55 |\u001b[39m         document\u001b[33m.\u001b[39mbody\u001b[33m.\u001b[39minnerHTML \u001b[33m=\u001b[39m \u001b[32m'<div id=\"test-calendar\"></div>'\u001b[39m\u001b[33m;\u001b[39m\u001b[22m\n\u001b[2m    \u001b[31m\u001b[1m>\u001b[22m\u001b[2m\u001b[39m\u001b[90m 56 |\u001b[39m         calendar \u001b[33m=\u001b[39m \u001b[36mnew\u001b[39m \u001b[33mAssignmentCalendar\u001b[39m(\u001b[32m'test-calendar'\u001b[39m)\u001b[33m;\u001b[39m\u001b[22m\n\u001b[2m     \u001b[90m    |\u001b[39m         \u001b[31m\u001b[1m^\u001b[22m\u001b[2m\u001b[39m\u001b[22m\n\u001b[2m     \u001b[90m 57 |\u001b[39m     })\u001b[33m;\u001b[39m\u001b[22m\n\u001b[2m     \u001b[90m 58 |\u001b[39m\u001b[22m\n\u001b[2m     \u001b[90m 59 |\u001b[39m     test(\u001b[32m'should initialize with empty assignments'\u001b[39m\u001b[33m,\u001b[39m () \u001b[33m=>\u001b[39m {\u001b[0m\u001b[22m\n\u001b[2m\u001b[22m\n\u001b[2m      \u001b[2mat Object.calendar (\u001b[22m\u001b[2m\u001b[0m\u001b[36m__tests__/components/complete-suite.test.js\u001b[39m\u001b[0m\u001b[2m:56:9)\u001b[22m\u001b[2m\u001b[22m\n\n\u001b[1m\u001b[31m  \u001b[1m● \u001b[22m\u001b[1mAssignment Calendar › should add assignment correctly\u001b[39m\u001b[22m\n\n    ReferenceError: AssignmentCalendar is not defined\n\u001b[2m\u001b[22m\n\u001b[2m    \u001b[0m \u001b[90m 54 |\u001b[39m     beforeEach(() \u001b[33m=>\u001b[39m {\u001b[22m\n\u001b[2m     \u001b[90m 55 |\u001b[39m         document\u001b[33m.\u001b[39mbody\u001b[33m.\u001b[39minnerHTML \u001b[33m=\u001b[39m \u001b[32m'<div id=\"test-calendar\"></div>'\u001b[39m\u001b[33m;\u001b[39m\u001b[22m\n\u001b[2m    \u001b[31m\u001b[1m>\u001b[22m\u001b[2m\u001b[39m\u001b[90m 56 |\u001b[39m         calendar \u001b[33m=\u001b[39m \u001b[36mnew\u001b[39m \u001b[33mAssignmentCalendar\u001b[39m(\u001b[32m'test-calendar'\u001b[39m)\u001b[33m;\u001b[39m\u001b[22m\n\u001b[2m     \u001b[90m    |\u001b[39m         \u001b[31m\u001b[1m^\u001b[22m\u001b[2m\u001b[39m\u001b[22m\n\u001b[2m     \u001b[90m 57 |\u001b[39m     })\u001b[33m;\u001b[39m\u001b[22m\n\u001b[2m     \u001b[90m 58 |\u001b[39m\u001b[22m\n\u001b[2m     \u001b[90m 59 |\u001b[39m     test(\u001b[32m'should initialize with empty assignments'\u001b[39m\u001b[33m,\u001b[39m () \u001b[33m=>\u001b[39m {\u001b[0m\u001b[22m\n\u001b[2m\u001b[22m\n\u001b[2m      \u001b[2mat Object.calendar (\u001b[22m\u001b[2m\u001b[0m\u001b[36m__tests__/components/complete-suite.test.js\u001b[39m\u001b[0m\u001b[2m:56:9)\u001b[22m\u001b[2m\u001b[22m\n\n\u001b[1m\u001b[31m  \u001b[1m● \u001b[22m\u001b[1mAssignment Calendar › should filter by priority\u001b[39m\u001b[22m\n\n    ReferenceError: AssignmentCalendar is not defined\n\u001b[2m\u001b[22m\n\u001b[2m    \u001b[0m \u001b[90m 54 |\u001b[39m     beforeEach(() \u001b[33m=>\u001b[39m {\u001b[22m\n\u001b[2m     \u001b[90m 55 |\u001b[39m         document\u001b[33m.\u001b[39mbody\u001b[33m.\u001b[39minnerHTML \u001b[33m=\u001b[39m \u001b[32m'<div id=\"test-calendar\"></div>'\u001b[39m\u001b[33m;\u001b[39m\u001b[22m\n\u001b[2m    \u001b[31m\u001b[1m>\u001b[22m\u001b[2m\u001b[39m\u001b[90m 56 |\u001b[39m         calendar \u001b[33m=\u001b[39m \u001b[36mnew\u001b[39m \u001b[33mAssignmentCalendar\u001b[39m(\u001b[32m'test-calendar'\u001b[39m)\u001b[33m;\u001b[39m\u001b[22m\n\u001b[2m     \u001b[90m    |\u001b[39m         \u001b[31m\u001b[1m^\u001b[22m\u001b[2m\u001b[39m\u001b[22m\n\u001b[2m     \u001b[90m 57 |\u001b[39m     })\u001b[33m;\u001b[39m\u001b[22m\n\u001b[2m     \u001b[90m 58 |\u001b[39m\u001b[22m\n\u001b[2m     \u001b[90m 59 |\u001b[39m     test(\u001b[32m'should initialize with empty assignments'\u001b[39m\u001b[33m,\u001b[39m () \u001b[33m=>\u001b[39m {\u001b[0m\u001b[22m\n\u001b[2m\u001b[22m\n\u001b[2m      \u001b[2mat Object.calendar (\u001b[22m\u001b[2m\u001b[0m\u001b[36m__tests__/components/complete-suite.test.js\u001b[39m\u001b[0m\u001b[2m:56:9)\u001b[22m\u001b[2m\u001b[22m\n\n\u001b[1m\u001b[31m  \u001b[1m● \u001b[22m\u001b[1mAssignment Calendar › should get assignments for specific date\u001b[39m\u001b[22m\n\n    ReferenceError: AssignmentCalendar is not defined\n\u001b[2m\u001b[22m\n\u001b[2m    \u001b[0m \u001b[90m 54 |\u001b[39m     beforeEach(() \u001b[33m=>\u001b[39m {\u001b[22m\n\u001b[2m     \u001b[90m 55 |\u001b[39m         document\u001b[33m.\u001b[39mbody\u001b[33m.\u001b[39minnerHTML \u001b[33m=\u001b[39m \u001b[32m'<div id=\"test-calendar\"></div>'\u001b[39m\u001b[33m;\u001b[39m\u001b[22m\n\u001b[2m    \u001b[31m\u001b[1m>\u001b[22m\u001b[2m\u001b[39m\u001b[90m 56 |\u001b[39m         calendar \u001b[33m=\u001b[39m \u001b[36mnew\u001b[39m \u001b[33mAssignmentCalendar\u001b[39m(\u001b[32m'test-calendar'\u001b[39m)\u001b[33m;\u001b[39m\u001b[22m\n\u001b[2m     \u001b[90m    |\u001b[39m         \u001b[31m\u001b[1m^\u001b[22m\u001b[2m\u001b[39m\u001b[22m\n\u001b[2m     \u001b[90m 57 |\u001b[39m     })\u001b[33m;\u001b[39m\u001b[22m\n\u001b[2m     \u001b[90m 58 |\u001b[39m\u001b[22m\n\u001b[2m     \u001b[90m 59 |\u001b[39m     test(\u001b[32m'should initialize with empty assignments'\u001b[39m\u001b[33m,\u001b[39m () \u001b[33m=>\u001b[39m {\u001b[0m\u001b[22m\n\u001b[2m\u001b[22m\n\u001b[2m      \u001b[2mat Object.calendar (\u001b[22m\u001b[2m\u001b[0m\u001b[36m__tests__/components/complete-suite.test.js\u001b[39m\u001b[0m\u001b[2m:56:9)\u001b[22m\u001b[2m\u001b[22m\n\n\u001b[1m\u001b[31m  \u001b[1m● \u001b[22m\u001b[1mQuestion Bank › should initialize with sample questions\u001b[39m\u001b[22m\n\n    ReferenceError: QuestionBank is not defined\n\u001b[2m\u001b[22m\n\u001b[2m    \u001b[0m \u001b[90m 102 |\u001b[39m     beforeEach(() \u001b[33m=>\u001b[39m {\u001b[22m\n\u001b[2m     \u001b[90m 103 |\u001b[39m         document\u001b[33m.\u001b[39mbody\u001b[33m.\u001b[39minnerHTML \u001b[33m=\u001b[39m \u001b[32m'<div id=\"test-qb\"></div>'\u001b[39m\u001b[33m;\u001b[39m\u001b[22m\n\u001b[2m    \u001b[31m\u001b[1m>\u001b[22m\u001b[2m\u001b[39m\u001b[90m 104 |\u001b[39m         questionBank \u001b[33m=\u001b[39m \u001b[36mnew\u001b[39m \u001b[33mQuestionBank\u001b[39m(\u001b[32m'test-qb'\u001b[39m)\u001b[33m;\u001b[39m\u001b[22m\n\u001b[2m     \u001b[90m     |\u001b[39m         \u001b[31m\u001b[1m^\u001b[22m\u001b[2m\u001b[39m\u001b[22m\n\u001b[2m     \u001b[90m 105 |\u001b[39m     })\u001b[33m;\u001b[39m\u001b[22m\n\u001b[2m     \u001b[90m 106 |\u001b[39m\u001b[22m\n\u001b[2m     \u001b[90m 107 |\u001b[39m     test(\u001b[32m'should initialize with sample questions'\u001b[39m\u001b[33m,\u001b[39m () \u001b[33m=>\u001b[39m {\u001b[0m\u001b[22m\n\u001b[2m\u001b[22m\n\u001b[2m      \u001b[2mat Object.questionBank (\u001b[22m\u001b[2m\u001b[0m\u001b[36m__tests__/components/complete-suite.test.js\u001b[39m\u001b[0m\u001b[2m:104:9)\u001b[22m\u001b[2m\u001b[22m\n\n\u001b[1m\u001b[31m  \u001b[1m● \u001b[22m\u001b[1mQuestion Bank › should add question correctly\u001b[39m\u001b[22m\n\n    ReferenceError: QuestionBank is not defined\n\u001b[2m\u001b[22m\n\u001b[2m    \u001b[0m \u001b[90m 102 |\u001b[39m     beforeEach(() \u001b[33m=>\u001b[39m {\u001b[22m\n\u001b[2m     \u001b[90m 103 |\u001b[39m         document\u001b[33m.\u001b[39mbody\u001b[33m.\u001b[39minnerHTML \u001b[33m=\u001b[39m \u001b[32m'<div id=\"test-qb\"></div>'\u001b[39m\u001b[33m;\u001b[39m\u001b[22m\n\u001b[2m    \u001b[31m\u001b[1m>\u001b[22m\u001b[2m\u001b[39m\u001b[90m 104 |\u001b[39m         questionBank \u001b[33m=\u001b[39m \u001b[36mnew\u001b[39m \u001b[33mQuestionBank\u001b[39m(\u001b[32m'test-qb'\u001b[39m)\u001b[33m;\u001b[39m\u001b[22m\n\u001b[2m     \u001b[90m     |\u001b[39m         \u001b[31m\u001b[1m^\u001b[22m\u001b[2m\u001b[39m\u001b[22m\n\u001b[2m     \u001b[90m 105 |\u001b[39m     })\u001b[33m;\u001b[39m\u001b[22m\n\u001b[2m     \u001b[90m 106 |\u001b[39m\u001b[22m\n\u001b[2m     \u001b[90m 107 |\u001b[39m     test(\u001b[32m'should initialize with sample questions'\u001b[39m\u001b[33m,\u001b[39m () \u001b[33m=>\u001b[39m {\u001b[0m\u001b[22m\n\u001b[2m\u001b[22m\n\u001b[2m      \u001b[2mat Object.questionBank (\u001b[22m\u001b[2m\u001b[0m\u001b[36m__tests__/components/complete-suite.test.js\u001b[39m\u001b[0m\u001b[2m:104:9)\u001b[22m\u001b[2m\u001b[22m\n\n\u001b[1m\u001b[31m  \u001b[1m● \u001b[22m\u001b[1mQuestion Bank › should filter by difficulty\u001b[39m\u001b[22m\n\n    ReferenceError: QuestionBank is not defined\n\u001b[2m\u001b[22m\n\u001b[2m    \u001b[0m \u001b[90m 102 |\u001b[39m     beforeEach(() \u001b[33m=>\u001b[39m {\u001b[22m\n\u001b[2m     \u001b[90m 103 |\u001b[39m         document\u001b[33m.\u001b[39mbody\u001b[33m.\u001b[39minnerHTML \u001b[33m=\u001b[39m \u001b[32m'<div id=\"test-qb\"></div>'\u001b[39m\u001b[33m;\u001b[39m\u001b[22m\n\u001b[2m    \u001b[31m\u001b[1m>\u001b[22m\u001b[2m\u001b[39m\u001b[90m 104 |\u001b[39m         questionBank \u001b[33m=\u001b[39m \u001b[36mnew\u001b[39m \u001b[33mQuestionBank\u001b[39m(\u001b[32m'test-qb'\u001b[39m)\u001b[33m;\u001b[39m\u001b[22m\n\u001b[2m     \u001b[90m     |\u001b[39m         \u001b[31m\u001b[1m^\u001b[22m\u001b[2m\u001b[39m\u001b[22m\n\u001b[2m     \u001b[90m 105 |\u001b[39m     })\u001b[33m;\u001b[39m\u001b[22m\n\u001b[2m     \u001b[90m 106 |\u001b[39m\u001b[22m\n\u001b[2m     \u001b[90m 107 |\u001b[39m     test(\u001b[32m'should initialize with sample questions'\u001b[39m\u001b[33m,\u001b[39m () \u001b[33m=>\u001b[39m {\u001b[0m\u001b[22m\n\u001b[2m\u001b[22m\n\u001b[2m      \u001b[2mat Object.questionBank (\u001b[22m\u001b[2m\u001b[0m\u001b[36m__tests__/components/complete-suite.test.js\u001b[39m\u001b[0m\u001b[2m:104:9)\u001b[22m\u001b[2m\u001b[22m\n\n\u001b[1m\u001b[31m  \u001b[1m● \u001b[22m\u001b[1mQuestion Bank › should generate random quiz\u001b[39m\u001b[22m\n\n    ReferenceError: QuestionBank is not defined\n\u001b[2m\u001b[22m\n\u001b[2m    \u001b[0m \u001b[90m 102 |\u001b[39m     beforeEach(() \u001b[33m=>\u001b[39m {\u001b[22m\n\u001b[2m     \u001b[90m 103 |\u001b[39m         document\u001b[33m.\u001b[39mbody\u001b[33m.\u001b[39minnerHTML \u001b[33m=\u001b[39m \u001b[32m'<div id=\"test-qb\"></div>'\u001b[39m\u001b[33m;\u001b[39m\u001b[22m\n\u001b[2m    \u001b[31m\u001b[1m>\u001b[22m\u001b[2m\u001b[39m\u001b[90m 104 |\u001b[39m         questionBank \u001b[33m=\u001b[39m \u001b[36mnew\u001b[39m \u001b[33mQuestionBank\u001b[39m(\u001b[32m'test-qb'\u001b[39m)\u001b[33m;\u001b[39m\u001b[22m\n\u001b[2m     \u001b[90m     |\u001b[39m         \u001b[31m\u001b[1m^\u001b[22m\u001b[2m\u001b[39m\u001b[22m\n\u001b[2m     \u001b[90m 105 |\u001b[39m     })\u001b[33m;\u001b[39m\u001b[22m\n\u001b[2m     \u001b[90m 106 |\u001b[39m\u001b[22m\n\u001b[2m     \u001b[90m 107 |\u001b[39m     test(\u001b[32m'should initialize with sample questions'\u001b[39m\u001b[33m,\u001b[39m () \u001b[33m=>\u001b[39m {\u001b[0m\u001b[22m\n\u001b[2m\u001b[22m\n\u001b[2m      \u001b[2mat Object.questionBank (\u001b[22m\u001b[2m\u001b[0m\u001b[36m__tests__/components/complete-suite.test.js\u001b[39m\u001b[0m\u001b[2m:104:9)\u001b[22m\u001b[2m\u001b[22m\n\n\u001b[1m\u001b[31m  \u001b[1m● \u001b[22m\u001b[1mAuto-Grader › should calculate grade correctly\u001b[39m\u001b[22m\n\n    ReferenceError: AutoGrader is not defined\n\u001b[2m\u001b[22m\n\u001b[2m    \u001b[0m \u001b[90m 146 |\u001b[39m     beforeEach(() \u001b[33m=>\u001b[39m {\u001b[22m\n\u001b[2m     \u001b[90m 147 |\u001b[39m         document\u001b[33m.\u001b[39mbody\u001b[33m.\u001b[39minnerHTML \u001b[33m=\u001b[39m \u001b[32m'<div id=\"test-grader\"></div>'\u001b[39m\u001b[33m;\u001b[39m\u001b[22m\n\u001b[2m    \u001b[31m\u001b[1m>\u001b[22m\u001b[2m\u001b[39m\u001b[90m 148 |\u001b[39m         grader \u001b[33m=\u001b[39m \u001b[36mnew\u001b[39m \u001b[33mAutoGrader\u001b[39m(\u001b[32m'test-grader'\u001b[39m)\u001b[33m;\u001b[39m\u001b[22m\n\u001b[2m     \u001b[90m     |\u001b[39m         \u001b[31m\u001b[1m^\u001b[22m\u001b[2m\u001b[39m\u001b[22m\n\u001b[2m     \u001b[90m 149 |\u001b[39m     })\u001b[33m;\u001b[39m\u001b[22m\n\u001b[2m     \u001b[90m 150 |\u001b[39m\u001b[22m\n\u001b[2m     \u001b[90m 151 |\u001b[39m     test(\u001b[32m'should calculate grade correctly'\u001b[39m\u001b[33m,\u001b[39m () \u001b[33m=>\u001b[39m {\u001b[0m\u001b[22m\n\u001b[2m\u001b[22m\n\u001b[2m      \u001b[2mat Object.grader (\u001b[22m\u001b[2m\u001b[0m\u001b[36m__tests__/components/complete-suite.test.js\u001b[39m\u001b[0m\u001b[2m:148:9)\u001b[22m\u001b[2m\u001b[22m\n\n\u001b[1m\u001b[31m  \u001b[1m● \u001b[22m\u001b[1mAuto-Grader › should grade submission correctly\u001b[39m\u001b[22m\n\n    ReferenceError: AutoGrader is not defined\n\u001b[2m\u001b[22m\n\u001b[2m    \u001b[0m \u001b[90m 146 |\u001b[39m     beforeEach(() \u001b[33m=>\u001b[39m {\u001b[22m\n\u001b[2m     \u001b[90m 147 |\u001b[39m         document\u001b[33m.\u001b[39mbody\u001b[33m.\u001b[39minnerHTML \u001b[33m=\u001b[39m \u001b[32m'<div id=\"test-grader\"></div>'\u001b[39m\u001b[33m;\u001b[39m\u001b[22m\n\u001b[2m    \u001b[31m\u001b[1m>\u001b[22m\u001b[2m\u001b[39m\u001b[90m 148 |\u001b[39m         grader \u001b[33m=\u001b[39m \u001b[36mnew\u001b[39m \u001b[33mAutoGrader\u001b[39m(\u001b[32m'test-grader'\u001b[39m)\u001b[33m;\u001b[39m\u001b[22m\n\u001b[2m     \u001b[90m     |\u001b[39m         \u001b[31m\u001b[1m^\u001b[22m\u001b[2m\u001b[39m\u001b[22m\n\u001b[2m     \u001b[90m 149 |\u001b[39m     })\u001b[33m;\u001b[39m\u001b[22m\n\u001b[2m     \u001b[90m 150 |\u001b[39m\u001b[22m\n\u001b[2m     \u001b[90m 151 |\u001b[39m     test(\u001b[32m'should calculate grade correctly'\u001b[39m\u001b[33m,\u001b[39m () \u001b[33m=>\u001b[39m {\u001b[0m\u001b[22m\n\u001b[2m\u001b[22m\n\u001b[2m      \u001b[2mat Object.grader (\u001b[22m\u001b[2m\u001b[0m\u001b[36m__tests__/components/complete-suite.test.js\u001b[39m\u001b[0m\u001b[2m:148:9)\u001b[22m\u001b[2m\u001b[22m\n\n\u001b[1m\u001b[31m  \u001b[1m● \u001b[22m\u001b[1mAuto-Grader › should calculate pass rate\u001b[39m\u001b[22m\n\n    ReferenceError: AutoGrader is not defined\n\u001b[2m\u001b[22m\n\u001b[2m    \u001b[0m \u001b[90m 146 |\u001b[39m     beforeEach(() \u001b[33m=>\u001b[39m {\u001b[22m\n\u001b[2m     \u001b[90m 147 |\u001b[39m         document\u001b[33m.\u001b[39mbody\u001b[33m.\u001b[39minnerHTML \u001b[33m=\u001b[39m \u001b[32m'<div id=\"test-grader\"></div>'\u001b[39m\u001b[33m;\u001b[39m\u001b[22m\n\u001b[2m    \u001b[31m\u001b[1m>\u001b[22m\u001b[2m\u001b[39m\u001b[90m 148 |\u001b[39m         grader \u001b[33m=\u001b[39m \u001b[36mnew\u001b[39m \u001b[33mAutoGrader\u001b[39m(\u001b[32m'test-grader'\u001b[39m)\u001b[33m;\u001b[39m\u001b[22m\n\u001b[2m     \u001b[90m     |\u001b[39m         \u001b[31m\u001b[1m^\u001b[22m\u001b[2m\u001b[39m\u001b[22m\n\u001b[2m     \u001b[90m 149 |\u001b[39m     })\u001b[33m;\u001b[39m\u001b[22m\n\u001b[2m     \u001b[90m 150 |\u001b[39m\u001b[22m\n\u001b[2m     \u001b[90m 151 |\u001b[39m     test(\u001b[32m'should calculate grade correctly'\u001b[39m\u001b[33m,\u001b[39m () \u001b[33m=>\u001b[39m {\u001b[0m\u001b[22m\n\u001b[2m\u001b[22m\n\u001b[2m      \u001b[2mat Object.grader (\u001b[22m\u001b[2m\u001b[0m\u001b[36m__tests__/components/complete-suite.test.js\u001b[39m\u001b[0m\u001b[2m:148:9)\u001b[22m\u001b[2m\u001b[22m\n\n\u001b[1m\u001b[31m  \u001b[1m● \u001b[22m\u001b[1mRubric Creator › should create rubric correctly\u001b[39m\u001b[22m\n\n    ReferenceError: RubricCreator is not defined\n\u001b[2m\u001b[22m\n\u001b[2m    \u001b[0m \u001b[90m 195 |\u001b[39m     beforeEach(() \u001b[33m=>\u001b[39m {\u001b[22m\n\u001b[2m     \u001b[90m 196 |\u001b[39m         document\u001b[33m.\u001b[39mbody\u001b[33m.\u001b[39minnerHTML \u001b[33m=\u001b[39m \u001b[32m'<div id=\"test-rubric\"></div>'\u001b[39m\u001b[33m;\u001b[39m\u001b[22m\n\u001b[2m    \u001b[31m\u001b[1m>\u001b[22m\u001b[2m\u001b[39m\u001b[90m 197 |\u001b[39m         rubricCreator \u001b[33m=\u001b[39m \u001b[36mnew\u001b[39m \u001b[33mRubricCreator\u001b[39m(\u001b[32m'test-rubric'\u001b[39m)\u001b[33m;\u001b[39m\u001b[22m\n\u001b[2m     \u001b[90m     |\u001b[39m         \u001b[31m\u001b[1m^\u001b[22m\u001b[2m\u001b[39m\u001b[22m\n\u001b[2m     \u001b[90m 198 |\u001b[39m     })\u001b[33m;\u001b[39m\u001b[22m\n\u001b[2m     \u001b[90m 199 |\u001b[39m\u001b[22m\n\u001b[2m     \u001b[90m 200 |\u001b[39m     test(\u001b[32m'should create rubric correctly'\u001b[39m\u001b[33m,\u001b[39m () \u001b[33m=>\u001b[39m {\u001b[0m\u001b[22m\n\u001b[2m\u001b[22m\n\u001b[2m      \u001b[2mat Object.rubricCreator (\u001b[22m\u001b[2m\u001b[0m\u001b[36m__tests__/components/complete-suite.test.js\u001b[39m\u001b[0m\u001b[2m:197:9)\u001b[22m\u001b[2m\u001b[22m\n\n\u001b[1m\u001b[31m  \u001b[1m● \u001b[22m\u001b[1mRubric Creator › should calculate total points\u001b[39m\u001b[22m\n\n    ReferenceError: RubricCreator is not defined\n\u001b[2m\u001b[22m\n\u001b[2m    \u001b[0m \u001b[90m 195 |\u001b[39m     beforeEach(() \u001b[33m=>\u001b[39m {\u001b[22m\n\u001b[2m     \u001b[90m 196 |\u001b[39m         document\u001b[33m.\u001b[39mbody\u001b[33m.\u001b[39minnerHTML \u001b[33m=\u001b[39m \u001b[32m'<div id=\"test-rubric\"></div>'\u001b[39m\u001b[33m;\u001b[39m\u001b[22m\n\u001b[2m    \u001b[31m\u001b[1m>\u001b[22m\u001b[2m\u001b[39m\u001b[90m 197 |\u001b[39m         rubricCreator \u001b[33m=\u001b[39m \u001b[36mnew\u001b[39m \u001b[33mRubricCreator\u001b[39m(\u001b[32m'test-rubric'\u001b[39m)\u001b[33m;\u001b[39m\u001b[22m\n\u001b[2m     \u001b[90m     |\u001b[39m         \u001b[31m\u001b[1m^\u001b[22m\u001b[2m\u001b[39m\u001b[22m\n\u001b[2m     \u001b[90m 198 |\u001b[39m     })\u001b[33m;\u001b[39m\u001b[22m\n\u001b[2m     \u001b[90m 199 |\u001b[39m\u001b[22m\n\u001b[2m     \u001b[90m 200 |\u001b[39m     test(\u001b[32m'should create rubric correctly'\u001b[39m\u001b[33m,\u001b[39m () \u001b[33m=>\u001b[39m {\u001b[0m\u001b[22m\n\u001b[2m\u001b[22m\n\u001b[2m      \u001b[2mat Object.rubricCreator (\u001b[22m\u001b[2m\u001b[0m\u001b[36m__tests__/components/complete-suite.test.js\u001b[39m\u001b[0m\u001b[2m:197:9)\u001b[22m\u001b[2m\u001b[22m\n\n\u001b[1m\u001b[31m  \u001b[1m● \u001b[22m\u001b[1mRisk Detection › should detect high risk students\u001b[39m\u001b[22m\n\n    ReferenceError: RiskDetection is not defined\n\u001b[2m\u001b[22m\n\u001b[2m    \u001b[0m \u001b[90m 238 |\u001b[39m     beforeEach(() \u001b[33m=>\u001b[39m {\u001b[22m\n\u001b[2m     \u001b[90m 239 |\u001b[39m         document\u001b[33m.\u001b[39mbody\u001b[33m.\u001b[39minnerHTML \u001b[33m=\u001b[39m \u001b[32m'<div id=\"test-risk\"></div>'\u001b[39m\u001b[33m;\u001b[39m\u001b[22m\n\u001b[2m    \u001b[31m\u001b[1m>\u001b[22m\u001b[2m\u001b[39m\u001b[90m 240 |\u001b[39m         riskDetection \u001b[33m=\u001b[39m \u001b[36mnew\u001b[39m \u001b[33mRiskDetection\u001b[39m(\u001b[32m'test-risk'\u001b[39m)\u001b[33m;\u001b[39m\u001b[22m\n\u001b[2m     \u001b[90m     |\u001b[39m         \u001b[31m\u001b[1m^\u001b[22m\u001b[2m\u001b[39m\u001b[22m\n\u001b[2m     \u001b[90m 241 |\u001b[39m     })\u001b[33m;\u001b[39m\u001b[22m\n\u001b[2m     \u001b[90m 242 |\u001b[39m\u001b[22m\n\u001b[2m     \u001b[90m 243 |\u001b[39m     test(\u001b[32m'should detect high risk students'\u001b[39m\u001b[33m,\u001b[39m () \u001b[33m=>\u001b[39m {\u001b[0m\u001b[22m\n\u001b[2m\u001b[22m\n\u001b[2m      \u001b[2mat Object.riskDetection (\u001b[22m\u001b[2m\u001b[0m\u001b[36m__tests__/components/complete-suite.test.js\u001b[39m\u001b[0m\u001b[2m:240:9)\u001b[22m\u001b[2m\u001b[22m\n\n\u001b[1m\u001b[31m  \u001b[1m● \u001b[22m\u001b[1mRisk Detection › should detect low risk students\u001b[39m\u001b[22m\n\n    ReferenceError: RiskDetection is not defined\n\u001b[2m\u001b[22m\n\u001b[2m    \u001b[0m \u001b[90m 238 |\u001b[39m     beforeEach(() \u001b[33m=>\u001b[39m {\u001b[22m\n\u001b[2m     \u001b[90m 239 |\u001b[39m         document\u001b[33m.\u001b[39mbody\u001b[33m.\u001b[39minnerHTML \u001b[33m=\u001b[39m \u001b[32m'<div id=\"test-risk\"></div>'\u001b[39m\u001b[33m;\u001b[39m\u001b[22m\n\u001b[2m    \u001b[31m\u001b[1m>\u001b[22m\u001b[2m\u001b[39m\u001b[90m 240 |\u001b[39m         riskDetection \u001b[33m=\u001b[39m \u001b[36mnew\u001b[39m \u001b[33mRiskDetection\u001b[39m(\u001b[32m'test-risk'\u001b[39m)\u001b[33m;\u001b[39m\u001b[22m\n\u001b[2m     \u001b[90m     |\u001b[39m         \u001b[31m\u001b[1m^\u001b[22m\u001b[2m\u001b[39m\u001b[22m\n\u001b[2m     \u001b[90m 241 |\u001b[39m     })\u001b[33m;\u001b[39m\u001b[22m\n\u001b[2m     \u001b[90m 242 |\u001b[39m\u001b[22m\n\u001b[2m     \u001b[90m 243 |\u001b[39m     test(\u001b[32m'should detect high risk students'\u001b[39m\u001b[33m,\u001b[39m () \u001b[33m=>\u001b[39m {\u001b[0m\u001b[22m\n\u001b[2m\u001b[22m\n\u001b[2m      \u001b[2mat Object.riskDetection (\u001b[22m\u001b[2m\u001b[0m\u001b[36m__tests__/components/complete-suite.test.js\u001b[39m\u001b[0m\u001b[2m:240:9)\u001b[22m\u001b[2m\u001b[22m\n\n\u001b[1m\u001b[31m  \u001b[1m● \u001b[22m\u001b[1mRisk Detection › should record interventions\u001b[39m\u001b[22m\n\n    ReferenceError: RiskDetection is not defined\n\u001b[2m\u001b[22m\n\u001b[2m    \u001b[0m \u001b[90m 238 |\u001b[39m     beforeEach(() \u001b[33m=>\u001b[39m {\u001b[22m\n\u001b[2m     \u001b[90m 239 |\u001b[39m         document\u001b[33m.\u001b[39mbody\u001b[33m.\u001b[39minnerHTML \u001b[33m=\u001b[39m \u001b[32m'<div id=\"test-risk\"></div>'\u001b[39m\u001b[33m;\u001b[39m\u001b[22m\n\u001b[2m    \u001b[31m\u001b[1m>\u001b[22m\u001b[2m\u001b[39m\u001b[90m 240 |\u001b[39m         riskDetection \u001b[33m=\u001b[39m \u001b[36mnew\u001b[39m \u001b[33mRiskDetection\u001b[39m(\u001b[32m'test-risk'\u001b[39m)\u001b[33m;\u001b[39m\u001b[22m\n\u001b[2m     \u001b[90m     |\u001b[39m         \u001b[31m\u001b[1m^\u001b[22m\u001b[2m\u001b[39m\u001b[22m\n\u001b[2m     \u001b[90m 241 |\u001b[39m     })\u001b[33m;\u001b[39m\u001b[22m\n\u001b[2m     \u001b[90m 242 |\u001b[39m\u001b[22m\n\u001b[2m     \u001b[90m 243 |\u001b[39m     test(\u001b[32m'should detect high risk students'\u001b[39m\u001b[33m,\u001b[39m () \u001b[33m=>\u001b[39m {\u001b[0m\u001b[22m\n\u001b[2m\u001b[22m\n\u001b[2m      \u001b[2mat Object.riskDetection (\u001b[22m\u001b[2m\u001b[0m\u001b[36m__tests__/components/complete-suite.test.js\u001b[39m\u001b[0m\u001b[2m:240:9)\u001b[22m\u001b[2m\u001b[22m\n\n\u001b[1m\u001b[31m  \u001b[1m● \u001b[22m\u001b[1mComponent Integration › should load all components without errors\u001b[39m\u001b[22m\n\n    \u001b[2mexpect(\u001b[22m\u001b[31mreceived\u001b[39m\u001b[2m).\u001b[22mtoBe\u001b[2m(\u001b[22m\u001b[32mexpected\u001b[39m\u001b[2m) // Object.is equality\u001b[22m\n\n    Expected: \u001b[32m\"\u001b[7mf\u001b[27mun\u001b[7mction\u001b[27m\"\u001b[39m\n    Received: \u001b[31m\"un\u001b[7mdefined\u001b[27m\"\u001b[39m\n\u001b[2m\u001b[22m\n\u001b[2m    \u001b[0m \u001b[90m 287 |\u001b[39m describe(\u001b[32m'Component Integration'\u001b[39m\u001b[33m,\u001b[39m () \u001b[33m=>\u001b[39m {\u001b[22m\n\u001b[2m     \u001b[90m 288 |\u001b[39m     test(\u001b[32m'should load all components without errors'\u001b[39m\u001b[33m,\u001b[39m () \u001b[33m=>\u001b[39m {\u001b[22m\n\u001b[2m    \u001b[31m\u001b[1m>\u001b[22m\u001b[2m\u001b[39m\u001b[90m 289 |\u001b[39m         expect(\u001b[36mtypeof\u001b[39m \u001b[33mGPACalculator\u001b[39m)\u001b[33m.\u001b[39mtoBe(\u001b[32m'function'\u001b[39m)\u001b[33m;\u001b[39m\u001b[22m\n\u001b[2m     \u001b[90m     |\u001b[39m                                      \u001b[31m\u001b[1m^\u001b[22m\u001b[2m\u001b[39m\u001b[22m\n\u001b[2m     \u001b[90m 290 |\u001b[39m         expect(\u001b[36mtypeof\u001b[39m \u001b[33mPomodoroTimer\u001b[39m)\u001b[33m.\u001b[39mtoBe(\u001b[32m'function'\u001b[39m)\u001b[33m;\u001b[39m\u001b[22m\n\u001b[2m     \u001b[90m 291 |\u001b[39m         expect(\u001b[36mtypeof\u001b[39m \u001b[33mAssignmentCalendar\u001b[39m)\u001b[33m.\u001b[39mtoBe(\u001b[32m'function'\u001b[39m)\u001b[33m;\u001b[39m\u001b[22m\n\u001b[2m     \u001b[90m 292 |\u001b[39m         expect(\u001b[36mtypeof\u001b[39m \u001b[33mResumeBuilder\u001b[39m)\u001b[33m.\u001b[39mtoBe(\u001b[32m'function'\u001b[39m)\u001b[33m;\u001b[39m\u001b[0m\u001b[22m\n\u001b[2m\u001b[22m\n\u001b[2m      \u001b[2mat Object.toBe (\u001b[22m\u001b[2m\u001b[0m\u001b[36m__tests__/components/complete-suite.test.js\u001b[39m\u001b[0m\u001b[2m:289:38)\u001b[22m\u001b[2m\u001b[22m\n\n\u001b[1m\u001b[31m  \u001b[1m● \u001b[22m\u001b[1mComponent Integration › should handle toast notifications\u001b[39m\u001b[22m\n\n    \u001b[2mexpect(\u001b[22m\u001b[31mreceived\u001b[39m\u001b[2m).\u001b[22mtoBe\u001b[2m(\u001b[22m\u001b[32mexpected\u001b[39m\u001b[2m) // Object.is equality\u001b[22m\n\n    Expected: \u001b[32m\"\u001b[7mf\u001b[27mun\u001b[7mction\u001b[27m\"\u001b[39m\n    Received: \u001b[31m\"un\u001b[7mdefined\u001b[27m\"\u001b[39m\n\u001b[2m\u001b[22m\n\u001b[2m    \u001b[0m \u001b[90m 308 |\u001b[39m\u001b[22m\n\u001b[2m     \u001b[90m 309 |\u001b[39m     test(\u001b[32m'should handle toast notifications'\u001b[39m\u001b[33m,\u001b[39m () \u001b[33m=>\u001b[39m {\u001b[22m\n\u001b[2m    \u001b[31m\u001b[1m>\u001b[22m\u001b[2m\u001b[39m\u001b[90m 310 |\u001b[39m         expect(\u001b[36mtypeof\u001b[39m showToast)\u001b[33m.\u001b[39mtoBe(\u001b[32m'function'\u001b[39m)\u001b[33m;\u001b[39m\u001b[22m\n\u001b[2m     \u001b[90m     |\u001b[39m                                  \u001b[31m\u001b[1m^\u001b[22m\u001b[2m\u001b[39m\u001b[22m\n\u001b[2m     \u001b[90m 311 |\u001b[39m         \u001b[22m\n\u001b[2m     \u001b[90m 312 |\u001b[39m         \u001b[90m// Should not throw error\u001b[39m\u001b[22m\n\u001b[2m     \u001b[90m 313 |\u001b[39m         expect(() \u001b[33m=>\u001b[39m {\u001b[0m\u001b[22m\n\u001b[2m\u001b[22m\n\u001b[2m      \u001b[2mat Object.toBe (\u001b[22m\u001b[2m\u001b[0m\u001b[36m__tests__/components/complete-suite.test.js\u001b[39m\u001b[0m\u001b[2m:310:34)\u001b[22m\u001b[2m\u001b[22m\n\n\u001b[1m\u001b[31m  \u001b[1m● \u001b[22m\u001b[1mPerformance › should initialize components quickly\u001b[39m\u001b[22m\n\n    ReferenceError: GPACalculator is not defined\n\u001b[2m\u001b[22m\n\u001b[2m    \u001b[0m \u001b[90m 323 |\u001b[39m         \u001b[22m\n\u001b[2m     \u001b[90m 324 |\u001b[39m         document\u001b[33m.\u001b[39mbody\u001b[33m.\u001b[39minnerHTML \u001b[33m=\u001b[39m \u001b[32m'<div id=\"perf-test\"></div>'\u001b[39m\u001b[33m;\u001b[39m\u001b[22m\n\u001b[2m    \u001b[31m\u001b[1m>\u001b[22m\u001b[2m\u001b[39m\u001b[90m 325 |\u001b[39m         \u001b[36mnew\u001b[39m \u001b[33mGPACalculator\u001b[39m(\u001b[32m'perf-test'\u001b[39m)\u001b[33m;\u001b[39m\u001b[22m\n\u001b[2m     \u001b[90m     |\u001b[39m         \u001
[...]
"40":[0,0],"41":[0,0],"42":[0,0],"43":[0],"44":[0],"45":[0],"46":[0],"47":[0],"48":[0,0],"49":[0,0],"50":[0,0],"51":[0,0],"52":[0,0],"53":[0,0],"54":[0,0],"55":[0,0],"56":[0,0],"57":[0],"58":[0,0],"59":[0,0],"60":[0,0],"61":[0,0],"62":[0,0],"63":[0,0],"64":[0,0],"65":[0]}},"C:\\All_In_One_College_Website\\server\\services\\advanced-analytics.service.js":{"path":"C:\\All_In_One_College_Website\\server\\services\\advanced-analytics.service.js","statementMap":{"0":{"start":{"line":6,"column":11},"end":{"line":6,"column":36}},"1":{"start":{"line":7,"column":21},"end":{"line":7,"column":47}},"2":{"start":{"line":16,"column":21},"end":{"line":16,"column":53}},"3":{"start":{"line":17,"column":19},"end":{"line":17,"column":45}},"4":{"start":{"line":18,"column":4},"end":{"line":18,"column":30}},"5":{"start":{"line":18,"column":16},"end":{"line":18,"column":30}},"6":{"start":{"line":20,"column":4},"end":{"line":185,"column":5}},"7":{"start":{"line":22,"column":26},"end":{"line":25,"column":7}},"8":{"start":{"line":26,"column":22},"end":{"line":26,"column":36}},"9":{"start":{"line":28,"column":6},"end":{"line":30,"column":7}},"10":{"start":{"line":29,"column":8},"end":{"line":29,"column":45}},"11":{"start":{"line":33,"column":29},"end":{"line":43,"column":21}},"12":{"start":{"line":44,"column":25},"end":{"line":44,"column":48}},"13":{"start":{"line":47,"column":33},"end":{"line":59,"column":21}},"14":{"start":{"line":62,"column":28},"end":{"line":73,"column":72}},"15":{"start":{"line":76,"column":27},"end":{"line":83,"column":11}},"16":{"start":{"line":77,"column":21},"end":{"line":77,"column":53}},"17":{"start":{"line":78,"column":19},"end":{"line":83,"column":9}},"18":{"start":{"line":86,"column":29},"end":{"line":93,"column":11}},"19":{"start":{"line":87,"column":21},"end":{"line":87,"column":53}},"20":{"start":{"line":88,"column":19},"end":{"line":93,"column":9}},"21":{"start":{"line":96,"column":34},"end":{"line":105,"column":21}},"22":{"start":{"line":106,"column":30},"end":{"line":106,"column":58}},"23":{"start":{"line":109,"column":31},"end":{"line":119,"column":21}},"24":{"start":{"line":122,"column":25},"end":{"line":122,"column":71}},"25":{"start":{"line":125,"column":26},"end":{"line":133,"column":21}},"26":{"start":{"line":135,"column":21},"end":{"line":178,"column":7}},"27":{"start":{"line":152,"column":57},"end":{"line":159,"column":9}},"28":{"start":{"line":160,"column":49},"end":{"line":166,"column":9}},"29":{"start":{"line":172,"column":49},"end":{"line":176,"column":9}},"30":{"start":{"line":180,"column":6},"end":{"line":180,"column":47}},"31":{"start":{"line":181,"column":6},"end":{"line":181,"column":20}},"32":{"start":{"line":183,"column":6},"end":{"line":183,"column":62}},"33":{"start":{"line":184,"column":6},"end":{"line":184,"column":18}},"34":{"start":{"line":194,"column":4},"end":{"line":300,"column":7}},"35":{"start":{"line":196,"column":33},"end":{"line":211,"column":48}},"36":{"start":{"line":214,"column":35},"end":{"line":228,"column":8}},"37":{"start":{"line":231,"column":34},"end":{"line":243,"column":8}},"38":{"start":{"line":246,"column":32},"end":{"line":256,"column":8}},"39":{"start":{"line":259,"column":34},"end":{"line":269,"column":8}},"40":{"start":{"line":271,"column":6},"end":{"line":296,"column":8}},"41":{"start":{"line":272,"column":53},"end":{"line":275,"column":9}},"42":{"start":{"line":278,"column":51},"end":{"line":281,"column":9}},"43":{"start":{"line":282,"column":55},"end":{"line":285,"column":9}},"44":{"start":{"line":291,"column":12},"end":{"line":291,"column":85}},"45":{"start":{"line":298,"column":6},"end":{"line":298,"column":62}},"46":{"start":{"line":299,"column":6},"end":{"line":299,"column":18}},"47":{"start":{"line":309,"column":4},"end":{"line":364,"column":5}},"48":{"start":{"line":311,"column":24},"end":{"line":320,"column":21}},"49":{"start":{"line":323,"column":31},"end":{"line":330,"column":17}},"50":{"start":{"line":331,"column":26},"end":{"line":331,"column":55}},"51":{"start":{"line":334,"column":26},"end":{"line":341,"column":17}},"52":{"start":{"line":342,"column":21},"end":{"line":342,"column":45}},"53":{"start":{"line":345,"column":25},"end":{"line":353,"column":32}},"54":{"start":{"line":355,"column":6},"end":{"line":360,"column":8}},"55":{"start":{"line":362,"column":6},"end":{"line":362,"column":60}},"56":{"start":{"line":363,"column":6},"end":{"line":363,"column":18}},"57":{"start":{"line":372,"column":4},"end":{"line":374,"column":5}},"58":{"start":{"line":373,"column":6},"end":{"line":373,"column":62}},"59":{"start":{"line":376,"column":14},"end":{"line":376,"column":25}},"60":{"start":{"line":377,"column":15},"end":{"line":377,"column":16}},"61":{"start":{"line":377,"column":25},"end":{"line":377,"column":26}},"62":{"start":{"line":377,"column":36},"end":{"line":377,"column":37}},"63":{"start":{"line":377,"column":47},"end":{"line":377,"column":48}},"64":{"start":{"line":379,"column":4},"end":{"line":386,"column":7}},"65":{"start":{"line":380,"column":16},"end":{"line":380,"column":21}},"66":{"start":{"line":381,"column":16},"end":{"line":381,"column":48}},"67":{"start":{"line":382,"column":6},"end":{"line":382,"column":16}},"68":{"start":{"line":383,"column":6},"end":{"line":383,"column":16}},"69":{"start":{"line":384,"column":6},"end":{"line":384,"column":21}},"70":{"start":{"line":385,"column":6},"end":{"line":385,"column":21}},"71":{"start":{"line":388,"column":18},"end":{"line":388,"column":71}},"72":{"start":{"line":389,"column":22},"end":{"line":389,"column":47}},"73":{"start":{"line":392,"column":22},"end":{"line":392,"column":43}},"74":{"start":{"line":394,"column":4},"end":{"line":399,"column":6}},"75":{"start":{"line":407,"column":21},"end":{"line":407,"column":23}},"76":{"start":{"line":410,"column":26},"end":{"line":410,"column":72}},"77":{"start":{"line":411,"column":4},"end":{"line":426,"column":5}},"78":{"start":{"line":412,"column":6},"end":{"line":415,"column":9}},"79":{"start":{"line":416,"column":11},"end":{"line":426,"column":5}},"80":{"start":{"line":417,"column":6},"end":{"line":420,"column":9}},"81":{"start":{"line":422,"column":6},"end":{"line":425,"column":9}},"82":{"start":{"line":429,"column":33},"end":{"line":429,"column":87}},"83":{"start":{"line":430,"column":4},"end":{"line":440,"column":5}},"84":{"start":{"line":431,"column":6},"end":{"line":434,"column":9}},"85":{"start":{"line":435,"column":11},"end":{"line":440,"column":5}},"86":{"start":{"line":436,"column":6},"end":{"line":439,"column":9}},"87":{"start":{"line":443,"column":4},"end":{"line":448,"column":5}},"88":{"start":{"line":444,"column":6},"end":{"line":447,"column":9}},"89":{"start":{"line":446,"column":63},"end":{"line":446,"column":72}},"90":{"start":{"line":451,"column":4},"end":{"line":456,"column":5}},"91":{"start":{"line":452,"column":6},"end":{"line":455,"column":9}},"92":{"start":{"line":454,"column":64},"end":{"line":454,"column":73}},"93":{"start":{"line":458,"column":4},"end":{"line":458,"column":20}},"94":{"start":{"line":462,"column":0},"end":{"line":462,"column":48}}},"fnMap":{"0":{"name":"(anonymous_0)","decl":{"start":{"line":15,"column":2},"end":{"line":15,"column":3}},"loc":{"start":{"line":15,"column":41},"end":{"line":186,"column":3}},"line":15},"1":{"name":"(anonymous_1)","decl":{"start":{"line":77,"column":16},"end":{"line":77,"column":17}},"loc":{"start":{"line":77,"column":21},"end":{"line":77,"column":53}},"line":77},"2":{"name":"(anonymous_2)","decl":{"start":{"line":78,"column":13},"end":{"line":78,"column":14}},"loc":{"start":{"line":78,"column":19},"end":{"line":83,"column":9}},"line":78},"3":{"name":"(anonymous_3)","decl":{"start":{"line":87,"column":16},"end":{"line":87,"column":17}},"loc":{"start":{"line":87,"column":21},"end":{"line":87,"column":53}},"line":87},"4":{"name":"(anonymous_4)","decl":{"start":{"line":88,"column":13},"end":{"line":88,"column":14}},"loc":{"start":{"line":88,"column":19},"end":{"line":93,"column":9}},"line":88},"5":{"name":"(anonymous_5)","decl":{"start":{"line":152,"column":51},"end":{"line":152,"column":52}},"loc":{"start":{"line":152,"column":57},"end":{"line":159,"column":9}},"line":152},"6":{"name":"(anonymous_6)","decl":{"start":{"line":160,"column":43},"end":{"line":160,"column":44}},"loc":{"start":{"line":160,"column":49},"end":{"line":166,"column":9}},"line":160},"7":{"name":"(anonymous_7)","decl":{"start":{"line":172,"column":43},"end":{"line":172,"column":44}},"loc":{"start":{"line":172,"column":49},"end":{"line":176,"column":9}},"line":172},"8":{"name":"(anonymous_8)","decl":{"start":{"line":193,"column":2},"end":{"line":193,"column":3}},"loc":{"start":{"line":193,"column":44},"end":{"line":301,"column":3}},"line":193},"9":{"name":"(anonymous_9)","decl":{"start":{"line":272,"column":47},"end":{"line":272,"column":48}},"loc":{"start":{"line":272,"column":53},"end":{"line":275,"column":9}},"line":272},"10":{"name":"(anonymous_10)","decl":{"start":{"line":278,"column":45},"end":{"line":278,"column":46}},"loc":{"start":{"line":278,"column":51},"end":{"line":281,"column":9}},"line":278},"11":{"name":"(anonymous_11)","decl":{"start":{"line":282,"column":49},"end":{"line":282,"column":50}},"loc":{"start":{"line":282,"column":55},"end":{"line":285,"column":9}},"line":282},"12":{"name":"(anonymous_12)","decl":{"start":{"line":290,"column":54},"end":{"line":290,"column":55}},"loc":{"start":{"line":291,"column":12},"end":{"line":291,"column":85}},"line":291},"13":{"name":"(anonymous_13)","decl":{"start":{"line":308,"column":2},"end":{"line":308,"column":3}},"loc":{"start":{"line":308,"column":39},"end":{"line":365,"column":3}},"line":308},"14":{"name":"(anonymous_14)","decl":{"start":{"line":371,"column":2},"end":{"line":371,"column":3}},"loc":{"start":{"line":371,"column":32},"end":{"line":400,"column":3}},"line":371},"15":{"name":"(anonymous_15)","decl":{"start":{"line":379,"column":17},"end":{"line":379,"column":18}},"loc":{"start":{"line":379,"column":35},"end":{"line":386,"column":5}},"line":379},"16":{"name":"(anonymous_16)","decl":{"start":{"line":406,"column":2},"end":{"line":406,"column":3}},"loc":{"start":{"line":406,"column":78},"end":{"line":459,"column":3}},"line":406},"17":{"name":"(anonymous_17)","decl":{"start":{"line":446,"column":58},"end":{"line":446,"column":59}},"loc":{"start":{"line":446,"column":63},"end":{"line":446,"column":72}},"line":446},"18":{"name":"(anonymous_18)","decl":{"start":{"line":454,"column":59},"end":{"line":454,"column":60}},"loc":{"start":{"line":454,"column":64},"end":{"line":454,"column":73}},"line":454}},"branchMap":{"0":{"loc":{"start":{"line":18,"column":4},"end":{"line":18,"column":30}},"type":"if","locations":[{"start":{"line":18,"column":4},"end":{"line":18,"column":30}},{"start":{},"end":{}}],"line":18},"1":{"loc":{"start":{"line":28,"column":6},"end":{"line":30,"column":7}},"type":"if","locations":[{"start":{"line":28,"column":6},"end":{"line":30,"column":7}},{"start":{},"end":{}}],"line":28},"2":{"loc":{"start":{"line":44,"column":25},"end":{"line":44,"column":48}},"type":"binary-expr","locations":[{"start":{"line":44,"column":25},"end":{"line":44,"column":42}},{"start":{"line":44,"column":46},"end":{"line":44,"column":48}}],"line":44},"3":{"loc":{"start":{"line":106,"column":30},"end":{"line":106,"column":58}},"type":"binary-expr","locations":[{"start":{"line":106,"column":30},"end":{"line":106,"column":52}},{"start":{"line":106,"column":56},"end":{"line":106,"column":58}}],"line":106},"4":{"loc":{"start":{"line":145,"column":22},"end":{"line":145,"column":49}},"type":"binary-expr","locations":[{"start":{"line":145,"column":22},"end":{"line":145,"column":44}},{"start":{"line":145,"column":48},"end":{"line":145,"column":49}}],"line":145},"5":{"loc":{"start":{"line":146,"column":40},"end":{"line":146,"column":74}},"type":"binary-expr","locations":[{"start":{"line":146,"column":40},"end":{"line":146,"column":69}},{"start":{"line":146,"column":73},"end":{"line":146,"column":74}}],"line":146},"6":{"loc":{"start":{"line":147,"column":37},"end":{"line":147,"column":68}},"type":"binary-expr","locations":[{"start":{"line":147,"column":37},"end":{"line":147,"column":63}},{"start":{"line":147,"column":67},"end":{"line":147,"column":68}}],"line":147},"7":{"loc":{"start":{"line":148,"column":38},"end":{"line":148,"column":70}},"type":"binary-expr","locations":[{"start":{"line":148,"column":38},"end":{"line":148,"column":65}},{"start":{"line":148,"column":69},"end":{"line":148,"column":70}}],"line":148},"8":{"loc":{"start":{"line":149,"column":26},"end":{"line":149,"column":57}},"type":"binary-expr","locations":[{"start":{"line":149,"column":26},"end":{"line":149,"column":52}},{"start":{"line":149,"column":56},"end":{"line":149,"column":57}}],"line":149},"9":{"loc":{"start":{"line":150,"column":23},"end":{"line":150,"column":51}},"type":"binary-expr","locations":[{"start":{"line":150,"column":23},"end":{"line":150,"column":46}},{"start":{"line":150,"column":50},"end":{"line":150,"column":51}}],"line":150},"10":{"loc":{"start":{"line":158,"column":24},"end":{"line":158,"column":85}},"type":"cond-expr","locations":[{"start":{"line":158,"column":42},"end":{"line":158,"column":80}},{"start":{"line":158,"column":83},"end":{"line":158,"column":85}}],"line":158},"11":{"loc":{"start":{"line":165,"column":18},"end":{"line":165,"column":105}},"type":"cond-expr","locations":[{"start":{"line":165,"column":48},"end":{"line":165,"column":55}},{"start":{"line":165,"column":58},"end":{"line":165,"column":105}}],"line":165},"12":{"loc":{"start":{"line":165,"column":58},"end":{"line":165,"column":105}},"type":"cond-expr","locations":[{"start":{"line":165,"column":88},"end":{"line":165,"column":95}},{"start":{"line":165,"column":98},"end":{"line":165,"column":105}}],"line":165},"13":{"loc":{"start":{"line":175,"column":21},"end":{"line":175,"column":75}},"type":"binary-expr","locations":[{"start":{"line":175,"column":21},"end":{"line":175,"column":54}},{"start":{"line":175,"column":58},"end":{"line":175,"column":75}}],"line":175},"14":{"loc":{"start":{"line":193,"column":30},"end":{"line":193,"column":42}},"type":"default-arg","locations":[{"start":{"line":193,"column":40},"end":{"line":193,"column":42}}],"line":193},"15":{"loc":{"start":{"line":205,"column":10},"end":{"line":205,"column":58}},"type":"cond-expr","locations":[{"start":{"line":205,"column":31},"end":{"line":205,"column":53}},{"start":{"line":205,"column":56},"end":{"line":205,"column":58}}],"line":205},"16":{"loc":{"start":{"line":206,"column":10},"end":{"line":206,"column":46}},"type":"cond-expr","locations":[{"start":{"line":206,"column":25},"end":{"line":206,"column":41}},{"start":{"line":206,"column":44},"end":{"line":206,"column":46}}],"line":206},"17":{"loc":{"start":{"line":207,"column":10},"end":{"line":207,"column":52}},"type":"cond-expr","locations":[{"start":{"line":207,"column":28},"end":{"line":207,"column":47}},{"start":{"line":207,"column":50},"end":{"line":207,"column":52}}],"line":207},"18":{"loc":{"start":{"line":291,"column":12},"end":{"line":291,"column":85}},"type":"cond-expr","locations":[{"start":{"line":291,"column":78},"end":{"line":291,"column":79}},{"start":{"line":291,"column":82},"end":{"line":291,"column":85}}],"line":291},"19":{"loc":{"start":{"line":292,"column":12},"end":{"line":292,"column":36}},"type":"binary-expr","locations":[{"start":{"line":292,"column":12},"end":{"line":292,"column":30}},{"start":{"line":292,"column":34},"end":{"line":292,"column":36}}],"line":292},"20":{"loc":{"start":{"line":331,"column":26},"end":{"line":331,"column":55}},"type":"binary-expr","locations":[{"start":{"line":331,"column":26},"end":{"line":331,"column":49}},{"start":{"line":331,"column":53},"end":{"line":331,"column":55}}],"line":331},"21":{"loc":{"start":{"line":342,"column":21},"end":{"line":342,"column":45}},"type":"binary-expr","locations":[{"start":{"line":342,"column":21},"end":{"line":342,"column":39}},{"start":{"line":342,"column":43},"end":{"line":342,"column":45}}],"line":342},"22":{"loc":{"start":{"line":372,"column":4},"end":{"line":374,"column":5}},"type":"if","locations":[{"start":{"line":372,"column":4},"end":{"line":374,"column":5}},{"start":{},"end":{}}],"line":372},"23":{"loc":{"start":{"line":372,"column":8},"end":{"line":372,"column":32}},"type":"binary-expr","locations":[{"start":{"line":372,"column":8},"end":{"line":372,"column":13}},{"start":{"line":372,"column":17},"end":{"line":372,"column":32}}],"line":372},"24":{"loc":{"start":{"line":395,"column":13},"end":{"line":395,"column":78}},"type":"cond-expr","locations":[{"start":{"line":395,"column":27},"end":{"line":395,"column":38}},{"start":{"line":395,"column":41},"end":{"line":395,"column":78}}],"line":395},"25":{"loc":{"start":{"line":395,"column":41},"end":{"line":395,"column":78}},"type":"cond-expr","locations":[{"start":{"line":395,"column":56},"end":{"line":395,"column":67}},{"start":{"line":395,"column":70},"end":{"line":395,"column":78}}],"line":395},"26":{"loc":{"start":{"line":410,"column":37},"end":{"line":410,"column":71}},"type":"binary-expr","locations":[{"start":{"line":410,"column":37},"end":{"line":410,"column":66}},{"start":{"line":410,"column":70},"end":{"line":410,"column":71}}],"line":410},"27":{"loc":{"start":{"line":411,"column":4},"end":{"line":426,"column":5}},"type":"if","locations":[{"start":{"line":411,"column":4},"end":{"line":426,"column":5}},{"start":{"line":416,"column":11},"end":{"line":426,"column":5}}],"line":411},"28":{"loc":{"start":{"line":416,"column":11},"end":{"line":426,"column":5}},"type":"if","locations":[{"start":{"line":416,"column":11},"end":{"line":426,"column":5}},{"start":{"line":421,"column":11},"end":{"line":426,"column":5}}],"line":416},"29":{"loc":{"start":{"line":429,"column":44},"end":{"line":429,"column":86}},"type":"binary-expr","locations":[{"start":{"line":429,"column":44},"end":{"line":429,"column":81}},{"start":{"line":429,"column":85},"end":{"line":429,"column":86}}],"line":429},"30":{"loc":{"start":{"line":430,"column":4},"end":{"line":440,"column":5}},"type":"if","locations":[{"start":{"line":430,"column":4},"end":{"line":440,"column":5}},{"start":{"line":435,"column":11},"end":{"line":440,"column":5}}],"line":430},"31":{"loc":{"start":{"line":435,"column":11},"end":{"line":440,"column":5}},"type":"if","locations":[{"start":{"line":435,"column":11},"end":{"line":440,"column":5}},{"start":{},"end":{}}],"line":435},"32":{"loc":{"start":{"line":443,"column":4},"end":{"line":448,"column":5}},"type":"if","locations":[{"start":{"line":443,"column":4},"end":{"line":448,"column":5}},{"start":{},"end":{}}],"line":443},"33":{"loc":{"start":{"line":451,"column":4},"end":{"line":456,"column":5}},"type":"if","locations":[{"start":{"line":451,"column":4},"end":{"line":456,"column":5}},{"start":{},"end":{}}],"line":451}},"s":{"0":0,"1":0,"2":0,"3":0,"4":0,"5":0,"6":0,"7":0,"8":0,"9":0,"10":0,"11":0,"12":0,"13":0,"14":0,"15":0,"16":0,"17":0,"18":0,"19":0,"20":0,"21":0,"22":0,"23":0,"24":0,"25":0,"26":0,"27":0,"28":0,"29":0,"30":0,"31":0,"32":0,"33":0,"34":0,"35":0,"36":0,"37":0,"38":0,"39":0,"40":0,"41":0,"42":0,"43":0,"44":0,"45":0,"46":0,"47":0,"48":0,"49":0,"50":0,"51":0,"52":0,"53":0,"54":0,"55":0,"56":0,"57":0,"58":0,"59":0,"60":0,"61":0,"62":0,"63":0,"64":0,"65":0,"66":0,"67":0,"68":0,"69":0,"70":0,"71":0,"72":0,"73":0,"74":0,"75":0,"76":0,"77":0,"78":0,"79":0,"80":0,"81":0,"82":0,"83":0,"84":0,"85":0,"86":0,"87":0,"88":0,"89":0,"90":0,"91":0,"92":0,"93":0,"94":0},"f":{"0":0,"1":0,"2":0,"3":0,"4":0,"5":0,"6":0,"7":0,"8":0,"9":0,"10":0,"11":0,"12":0,"13":0,"14":0,"15":0,"16":0,"17":0,"18":0},"b":{"0":[0,0],"1":[0,0],"2":[0,0],"3":[0,0],"4":[0,0],"5":[0,0],"6":[0,0],"7":[0,0],"8":[0,0],"9":[0,0],"10":[0,0],"11":[0,0],"12":[0,0],"13":[0,0],"14":[0],"15":[0,0],"16":[0,0],"17":[0,0],"18":[0,0],"19":[0,0],"20":[0,0],"21":[0,0],"22":[0,0],"23":[0,0],"24":[0,0],"25":[0,0],"26":[0,0],"27":[0,0],"28":[0,0],"29":[0,0],"30":[0,0],"31":[0,0],"32":[0,0],"33":[0,0]}}}}
